#
# There is insufficient memory for the Java Runtime Environment to continue.
# Native memory allocation (malloc) failed to allocate 1607696 bytes for Chunk::new
# Possible reasons:
#   The system is out of physical RAM or swap space
#   The process is running with CompressedOops enabled, and the Java Heap may be blocking the growth of the native heap
# Possible solutions:
#   Reduce memory load on the system
#   Increase physical memory or swap space
#   Check if swap backing store is full
#   Decrease Java heap size (-Xmx/-Xms)
#   Decrease number of Java threads
#   Decrease Java thread stack sizes (-Xss)
#   Set larger code cache with -XX:ReservedCodeCacheSize=
#   JVM is running with Zero Based Compressed Oops mode in which the Java heap is
#     placed in the first 32GB address space. The Java Heap base address is the
#     maximum limit for the native heap growth. Please use -XX:HeapBaseMinAddress
#     to set the Java Heap base and to place the Java Heap above 32GB virtual address.
# This output file may be truncated or incomplete.
#
#  Out of Memory Error (arena.cpp:184), pid=27264, tid=5136
#
# JRE version: Java(TM) SE Runtime Environment (20.0.1+9) (build 20.0.1+9-29)
# Java VM: Java HotSpot(TM) 64-Bit Server VM (20.0.1+9-29, mixed mode, sharing, tiered, compressed oops, compressed class ptrs, g1 gc, windows-amd64)
# No core dump will be written. Minidumps are not enabled by default on client versions of Windows
#

---------------  S U M M A R Y ------------

Command Line: -javaagent:C:\Program Files\JetBrains\IntelliJ IDEA Community Edition 2023.1.2\lib\idea_rt.jar=3824:C:\Program Files\JetBrains\IntelliJ IDEA Community Edition 2023.1.2\bin -Dfile.encoding=UTF-8 -Dsun.stdout.encoding=UTF-8 -Dsun.stderr.encoding=UTF-8 SpringDB.ExampleApplication

Host: 12th Gen Intel(R) Core(TM) i7-12700H, 20 cores, 15G,  Windows 11 , 64 bit Build 22621 (10.0.22621.3085)
Time: Tue Feb  6 14:14:49 2024  Windows 11 , 64 bit Build 22621 (10.0.22621.3085) elapsed time: 1142.866346 seconds (0d 0h 19m 2s)

---------------  T H R E A D  ---------------

Current thread (0x00000242fe311670):  JavaThread "C2 CompilerThread2" daemon [_thread_in_native, id=5136, stack(0x000000b695b00000,0x000000b695c00000)]


Current CompileTask:
C2:1142866 7868   !   4       org.springframework.boot.context.properties.source.SpringConfigurationPropertySource::getConfigurationProperty (119 bytes)

Stack: [0x000000b695b00000,0x000000b695c00000]
Native frames: (J=compiled Java code, j=interpreted, Vv=VM code, C=native code)
V  [jvm.dll+0x6bb95a]
V  [jvm.dll+0x8485fa]
V  [jvm.dll+0x84a1f5]
V  [jvm.dll+0x84a8f3]
V  [jvm.dll+0x280b0f]
V  [jvm.dll+0xc2b11]
V  [jvm.dll+0xc2e35]
V  [jvm.dll+0x2f5dbf]
V  [jvm.dll+0x5e32eb]
V  [jvm.dll+0x2543b4]
V  [jvm.dll+0x25477f]
V  [jvm.dll+0x24cf6d]
V  [jvm.dll+0x24a549]
V  [jvm.dll+0x1ce491]
V  [jvm.dll+0x259e1b]
V  [jvm.dll+0x2584f0]
V  [jvm.dll+0x3f2895]
V  [jvm.dll+0x7f4b56]
V  [jvm.dll+0x6ba5cb]
C  [ucrtbase.dll+0x29363]
C  [KERNEL32.DLL+0x1257d]
C  [ntdll.dll+0x5aa58]


---------------  P R O C E S S  ---------------

Threads class SMR info:
_java_thread_list=0x00000242fd55b970, length=26, elements={
0x00000242fd031050, 0x00000242fd031e50, 0x00000242fd033110, 0x00000242fd036da0,
0x00000242fd039aa0, 0x00000242fd03a510, 0x00000242fd0417d0, 0x00000242fd062160,
0x00000242fc442960, 0x00000242fd59c410, 0x0000024296918700, 0x000002429691a190,
0x0000024296919c40, 0x0000024296916720, 0x000002429691ac30, 0x00000242fe3110e0,
0x00000242fe311670, 0x00000242fdea8550, 0x00000242fdea8ae0, 0x00000242fdea5e60,
0x00000242fdea5340, 0x0000024296918c50, 0x00000242969196f0, 0x000002429691a6e0,
0x00000242969161d0, 0x0000024296915730
}

Java Threads: ( => current thread )
  0x00000242fd031050 JavaThread "Reference Handler" daemon [_thread_blocked, id=4616, stack(0x000000b695100000,0x000000b695200000)]
  0x00000242fd031e50 JavaThread "Finalizer" daemon [_thread_blocked, id=7080, stack(0x000000b695200000,0x000000b695300000)]
  0x00000242fd033110 JavaThread "Signal Dispatcher" daemon [_thread_blocked, id=31740, stack(0x000000b695300000,0x000000b695400000)]
  0x00000242fd036da0 JavaThread "Attach Listener" daemon [_thread_blocked, id=9324, stack(0x000000b695400000,0x000000b695500000)]
  0x00000242fd039aa0 JavaThread "Service Thread" daemon [_thread_blocked, id=28492, stack(0x000000b695500000,0x000000b695600000)]
  0x00000242fd03a510 JavaThread "Monitor Deflation Thread" daemon [_thread_blocked, id=3008, stack(0x000000b695600000,0x000000b695700000)]
  0x00000242fd0417d0 JavaThread "C2 CompilerThread0" daemon [_thread_in_native, id=10952, stack(0x000000b695700000,0x000000b695800000)]
  0x00000242fd062160 JavaThread "C1 CompilerThread0" daemon [_thread_in_native, id=28360, stack(0x000000b695800000,0x000000b695900000)]
  0x00000242fc442960 JavaThread "Common-Cleaner" daemon [_thread_blocked, id=25220, stack(0x000000b695900000,0x000000b695a00000)]
  0x00000242fd59c410 JavaThread "Notification Thread" daemon [_thread_blocked, id=7420, stack(0x000000b695f00000,0x000000b696000000)]
  0x0000024296918700 JavaThread "PostgreSQL-JDBC-Cleaner" daemon [_thread_blocked, id=30964, stack(0x000000b697b00000,0x000000b697c00000)]
  0x000002429691a190 JavaThread "Live Reload Server" daemon [_thread_in_native, id=7264, stack(0x000000b698300000,0x000000b698400000)]
  0x0000024296919c40 JavaThread "DestroyJavaVM" [_thread_blocked, id=5036, stack(0x000000b694a00000,0x000000b694b00000)]
  0x0000024296916720 JavaThread "Thread-5" [_thread_blocked, id=29912, stack(0x000000b694700000,0x000000b694800000)]
  0x000002429691ac30 JavaThread "restartedMain" [_thread_in_Java, id=7568, stack(0x000000b694900000,0x000000b694a00000)]
  0x00000242fe3110e0 JavaThread "C2 CompilerThread1" daemon [_thread_in_native, id=8592, stack(0x000000b695a00000,0x000000b695b00000)]
=>0x00000242fe311670 JavaThread "C2 CompilerThread2" daemon [_thread_in_native, id=5136, stack(0x000000b695b00000,0x000000b695c00000)]
  0x00000242fdea8550 JavaThread "C1 CompilerThread1" daemon [_thread_blocked, id=33168, stack(0x000000b695c00000,0x000000b695d00000)]
  0x00000242fdea8ae0 JavaThread "C2 CompilerThread3" daemon [_thread_in_native, id=26716, stack(0x000000b695d00000,0x000000b695e00000)]
  0x00000242fdea5e60 JavaThread "C1 CompilerThread2" daemon [_thread_blocked, id=31428, stack(0x000000b695e00000,0x000000b695f00000)]
  0x00000242fdea5340 JavaThread "C2 CompilerThread4" daemon [_thread_in_native, id=31252, stack(0x000000b696100000,0x000000b696200000)]
  0x0000024296918c50 JavaThread "Catalina-utility-1" [_thread_blocked, id=12860, stack(0x000000b696200000,0x000000b696300000)]
  0x00000242969196f0 JavaThread "Catalina-utility-2" [_thread_blocked, id=4808, stack(0x000000b696800000,0x000000b696900000)]
  0x000002429691a6e0 JavaThread "container-0" [_thread_blocked, id=15052, stack(0x000000b696900000,0x000000b696a00000)]
  0x00000242969161d0 JavaThread "HikariPool-2 housekeeper" daemon [_thread_blocked, id=32068, stack(0x000000b697600000,0x000000b697700000)]
  0x0000024296915730 JavaThread "HikariPool-2 connection adder" daemon [_thread_in_native, id=2520, stack(0x000000b697700000,0x000000b697800000)]

Other Threads:
  0x00000242fd01bf80 VMThread "VM Thread" [stack: 0x000000b695000000,0x000000b695100000] [id=13948]
  0x00000242fd86f000 WatcherThread "VM Periodic Task Thread" [stack: 0x000000b696000000,0x000000b696100000] [id=24364]
  0x00000242ebbb7e90 WorkerThread "GC Thread#0" [stack: 0x000000b694b00000,0x000000b694c00000] [id=12392]
  0x00000242fd01d330 WorkerThread "GC Thread#1" [stack: 0x000000b696300000,0x000000b696400000] [id=11384]
  0x00000242fd01b710 WorkerThread "GC Thread#2" [stack: 0x000000b696400000,0x000000b696500000] [id=16256]
  0x00000242fd01c250 WorkerThread "GC Thread#3" [stack: 0x000000b696500000,0x000000b696600000] [id=6008]
  0x00000242fd01cd90 WorkerThread "GC Thread#4" [stack: 0x000000b696600000,0x000000b696700000] [id=27208]
  0x00000242fd01c520 WorkerThread "GC Thread#5" [stack: 0x000000b696700000,0x000000b696800000] [id=18724]
  0x00000242fd01d060 WorkerThread "GC Thread#6" [stack: 0x000000b696b00000,0x000000b696c00000] [id=4608]
  0x00000242fe562b30 WorkerThread "GC Thread#7" [stack: 0x000000b696c00000,0x000000b696d00000] [id=21648]
  0x00000242fe564a20 WorkerThread "GC Thread#8" [stack: 0x000000b696a00000,0x000000b696b00000] [id=3664]
  0x00000242fe564480 WorkerThread "GC Thread#9" [stack: 0x000000b696d00000,0x000000b696e00000] [id=33132]
  0x00000242fe563940 WorkerThread "GC Thread#10" [stack: 0x000000b696e00000,0x000000b696f00000] [id=28684]
  0x00000242fe565830 WorkerThread "GC Thread#11" [stack: 0x000000b696f00000,0x000000b697000000] [id=27804]
  0x00000242fe5633a0 WorkerThread "GC Thread#12" [stack: 0x000000b697000000,0x000000b697100000] [id=29940]
  0x00000242fe562e00 WorkerThread "GC Thread#13" [stack: 0x000000b697100000,0x000000b697200000] [id=7316]
  0x00000242fe565b00 WorkerThread "GC Thread#14" [stack: 0x000000b697200000,0x000000b697300000] [id=31660]
  0x00000242ebbc9b10 ConcurrentGCThread "G1 Main Marker" [stack: 0x000000b694c00000,0x000000b694d00000] [id=21532]
  0x00000242ebbca540 WorkerThread "G1 Conc#0" [stack: 0x000000b694d00000,0x000000b694e00000] [id=15396]
  0x00000242fe5630d0 WorkerThread "G1 Conc#1" [stack: 0x000000b697300000,0x000000b697400000] [id=33580]
  0x00000242fe565dd0 WorkerThread "G1 Conc#2" [stack: 0x000000b697400000,0x000000b697500000] [id=11500]
  0x00000242fe5660a0 WorkerThread "G1 Conc#3" [stack: 0x000000b697500000,0x000000b697600000] [id=28044]
  0x00000242fc316910 ConcurrentGCThread "G1 Refine#0" [stack: 0x000000b694e00000,0x000000b694f00000] [id=13460]
  0x00000242fc3192e0 ConcurrentGCThread "G1 Service" [stack: 0x000000b694f00000,0x000000b695000000] [id=21580]

Threads with active compile tasks:
C2 CompilerThread0  1142890 8101       4       java.util.Spliterators$IteratorSpliterator::tryAdvance (77 bytes)
C2 CompilerThread1  1142890 8061       4       org.springframework.orm.jpa.support.PersistenceAnnotationBeanPostProcessor$$Lambda$549/0x0000000801377b58::doWith (17 bytes)
C2 CompilerThread2  1142891 7868   !   4       org.springframework.boot.context.properties.source.SpringConfigurationPropertySource::getConfigurationProperty (119 bytes)
C2 CompilerThread3  1142891 7869       4       org.springframework.boot.context.properties.source.DefaultPropertyMapper::map (53 bytes)
C1 CompilerThread2  1142891 8119       3       org.springframework.data.repository.core.RepositoryInformationSupport::getQueryMethods (77 bytes)
C2 CompilerThread4  1142891 8103       4       java.util.stream.StreamSupport::stream (19 bytes)

VM state: not at safepoint (normal execution)

VM Mutex/Monitor currently owned by a thread:  ([mutex/lock_event])
[0x00000242ebb42b90] CompiledIC_lock - owner thread: 0x0000000000000000

Heap address: 0x0000000704400000, size: 4028 MB, Compressed Oops mode: Zero based, Oop shift amount: 3

CDS archive(s) mapped at: [0x0000000800000000-0x0000000800c60000-0x0000000800c60000), size 12976128, SharedBaseAddress: 0x0000000800000000, ArchiveRelocationMode: 0.
Compressed class space mapped at: 0x0000000801000000-0x0000000841000000, reserved size: 1073741824
Narrow klass base: 0x0000000800000000, Narrow klass shift: 0, Narrow klass range: 0x100000000

GC Precious Log:
 CardTable entry size: 512
 Card Set container configuration: InlinePtr #cards 4 size 8 Array Of Cards #cards 16 size 48 Howl #buckets 8 coarsen threshold 3686 Howl Bitmap #cards 512 size 80 coarsen threshold 460 Card regions per heap region 1 cards per card region 4096
 CPUs: 20 total, 20 available
 Memory: 16110M
 Large Page Support: Disabled
 NUMA Support: Disabled
 Compressed Oops: Enabled (Zero based)
 Heap Region Size: 2M
 Heap Min Capacity: 8M
 Heap Initial Capacity: 252M
 Heap Max Capacity: 4028M
 Pre-touch: Disabled
 Parallel Workers: 15
 Concurrent Workers: 4
 Concurrent Refinement Workers: 15
 Periodic GC: Disabled

Heap:
 garbage-first heap   total 90112K, used 71531K [0x0000000704400000, 0x0000000800000000)
  region size 2048K, 22 young (45056K), 2 survivors (4096K)
 Metaspace       used 72683K, committed 73472K, reserved 1114112K
  class space    used 9661K, committed 9984K, reserved 1048576K

Heap Regions: E=young(eden), S=young(survivor), O=old, HS=humongous(starts), HC=humongous(continues), CS=collection set, F=free, OA=open archive, CA=closed archive, TAMS=top-at-mark-start, PB=parsable bottom
|   0|0x0000000704400000, 0x0000000704600000, 0x0000000704600000|100%| O|  |TAMS 0x0000000704400000| PB 0x0000000704400000| Untracked 
|   1|0x0000000704600000, 0x00000007047fffa0, 0x0000000704800000| 99%| O|  |TAMS 0x0000000704600000| PB 0x0000000704600000| Untracked 
|   2|0x0000000704800000, 0x000000070499f350, 0x0000000704a00000| 81%| O|  |TAMS 0x0000000704800000| PB 0x0000000704800000| Untracked 
|   3|0x0000000704a00000, 0x0000000704bffff8, 0x0000000704c00000| 99%| O|  |TAMS 0x0000000704a00000| PB 0x0000000704a00000| Untracked 
|   4|0x0000000704c00000, 0x0000000704e00000, 0x0000000704e00000|100%| O|  |TAMS 0x0000000704c00000| PB 0x0000000704c00000| Untracked 
|   5|0x0000000704e00000, 0x0000000704ffffb0, 0x0000000705000000| 99%| O|  |TAMS 0x0000000704e00000| PB 0x0000000704e00000| Untracked 
|   6|0x0000000705000000, 0x00000007051fffe0, 0x0000000705200000| 99%| O|  |TAMS 0x0000000705000000| PB 0x0000000705000000| Untracked 
|   7|0x0000000705200000, 0x00000007053f9b80, 0x0000000705400000| 98%| O|  |TAMS 0x0000000705200000| PB 0x0000000705200000| Untracked 
|   8|0x0000000705400000, 0x00000007055ffff0, 0x0000000705600000| 99%| O|  |TAMS 0x0000000705400000| PB 0x0000000705400000| Untracked 
|   9|0x0000000705600000, 0x00000007057fffa0, 0x0000000705800000| 99%| O|  |TAMS 0x0000000705600000| PB 0x0000000705600000| Untracked 
|  10|0x0000000705800000, 0x00000007059fff58, 0x0000000705a00000| 99%| O|  |TAMS 0x0000000705800000| PB 0x0000000705800000| Untracked 
|  11|0x0000000705a00000, 0x0000000705bffff0, 0x0000000705c00000| 99%| O|  |TAMS 0x0000000705a00000| PB 0x0000000705a00000| Untracked 
|  12|0x0000000705c00000, 0x0000000705cce0d0, 0x0000000705e00000| 40%| O|  |TAMS 0x0000000705c00000| PB 0x0000000705c00000| Untracked 
|  13|0x0000000705e00000, 0x0000000705f34bb0, 0x0000000706000000| 60%| O|  |TAMS 0x0000000705e00000| PB 0x0000000705e00000| Untracked 
|  14|0x0000000706000000, 0x00000007060830b8, 0x0000000706200000| 25%| O|  |TAMS 0x0000000706000000| PB 0x0000000706000000| Complete 
|  15|0x0000000706200000, 0x00000007063e71d0, 0x0000000706400000| 95%| O|  |TAMS 0x0000000706200000| PB 0x0000000706200000| Untracked 
|  16|0x0000000706400000, 0x0000000706400000, 0x0000000706600000|  0%| F|  |TAMS 0x0000000706400000| PB 0x0000000706400000| Untracked 
|  17|0x0000000706600000, 0x0000000706600000, 0x0000000706800000|  0%| F|  |TAMS 0x0000000706600000| PB 0x0000000706600000| Untracked 
|  18|0x0000000706800000, 0x0000000706800000, 0x0000000706a00000|  0%| F|  |TAMS 0x0000000706800000| PB 0x0000000706800000| Untracked 
|  19|0x0000000706a00000, 0x0000000706bd53f8, 0x0000000706c00000| 91%| S|CS|TAMS 0x0000000706a00000| PB 0x0000000706a00000| Complete 
|  20|0x0000000706c00000, 0x0000000706e00000, 0x0000000706e00000|100%| S|CS|TAMS 0x0000000706c00000| PB 0x0000000706c00000| Complete 
|  21|0x0000000706e00000, 0x0000000706e00000, 0x0000000707000000|  0%| F|  |TAMS 0x0000000706e00000| PB 0x0000000706e00000| Untracked 
|  22|0x0000000707000000, 0x0000000707000000, 0x0000000707200000|  0%| F|  |TAMS 0x0000000707000000| PB 0x0000000707000000| Untracked 
|  23|0x0000000707200000, 0x0000000707200000, 0x0000000707400000|  0%| F|  |TAMS 0x0000000707200000| PB 0x0000000707200000| Untracked 
|  24|0x0000000707400000, 0x00000007074e93b0, 0x0000000707600000| 45%| E|  |TAMS 0x0000000707400000| PB 0x0000000707400000| Complete 
|  25|0x0000000707600000, 0x0000000707800000, 0x0000000707800000|100%| E|CS|TAMS 0x0000000707600000| PB 0x0000000707600000| Complete 
|  26|0x0000000707800000, 0x0000000707a00000, 0x0000000707a00000|100%| E|CS|TAMS 0x0000000707800000| PB 0x0000000707800000| Complete 
|  27|0x0000000707a00000, 0x0000000707c00000, 0x0000000707c00000|100%| E|CS|TAMS 0x0000000707a00000| PB 0x0000000707a00000| Complete 
|  28|0x0000000707c00000, 0x0000000707e00000, 0x0000000707e00000|100%| E|CS|TAMS 0x0000000707c00000| PB 0x0000000707c00000| Complete 
|  29|0x0000000707e00000, 0x0000000708000000, 0x0000000708000000|100%| E|CS|TAMS 0x0000000707e00000| PB 0x0000000707e00000| Complete 
|  30|0x0000000708000000, 0x0000000708200000, 0x0000000708200000|100%| E|CS|TAMS 0x0000000708000000| PB 0x0000000708000000| Complete 
|  31|0x0000000708200000, 0x0000000708400000, 0x0000000708400000|100%| E|CS|TAMS 0x0000000708200000| PB 0x0000000708200000| Complete 
|  32|0x0000000708400000, 0x0000000708600000, 0x0000000708600000|100%| E|CS|TAMS 0x0000000708400000| PB 0x0000000708400000| Complete 
|  33|0x0000000708600000, 0x0000000708800000, 0x0000000708800000|100%| E|CS|TAMS 0x0000000708600000| PB 0x0000000708600000| Complete 
|  34|0x0000000708800000, 0x0000000708a00000, 0x0000000708a00000|100%| E|CS|TAMS 0x0000000708800000| PB 0x0000000708800000| Complete 
|  35|0x0000000708a00000, 0x0000000708c00000, 0x0000000708c00000|100%| E|CS|TAMS 0x0000000708a00000| PB 0x0000000708a00000| Complete 
|  36|0x0000000708c00000, 0x0000000708e00000, 0x0000000708e00000|100%| E|CS|TAMS 0x0000000708c00000| PB 0x0000000708c00000| Complete 
|  37|0x0000000708e00000, 0x0000000709000000, 0x0000000709000000|100%| E|CS|TAMS 0x0000000708e00000| PB 0x0000000708e00000| Complete 
|  38|0x0000000709000000, 0x0000000709200000, 0x0000000709200000|100%| E|CS|TAMS 0x0000000709000000| PB 0x0000000709000000| Complete 
|  90|0x000000070f800000, 0x000000070fa00000, 0x000000070fa00000|100%| E|CS|TAMS 0x000000070f800000| PB 0x000000070f800000| Complete 
|  91|0x000000070fa00000, 0x000000070fc00000, 0x000000070fc00000|100%| E|CS|TAMS 0x000000070fa00000| PB 0x000000070fa00000| Complete 
|  92|0x000000070fc00000, 0x000000070fe00000, 0x000000070fe00000|100%| E|CS|TAMS 0x000000070fc00000| PB 0x000000070fc00000| Complete 
|  93|0x000000070fe00000, 0x0000000710000000, 0x0000000710000000|100%| E|CS|TAMS 0x000000070fe00000| PB 0x000000070fe00000| Complete 
| 125|0x0000000713e00000, 0x0000000714000000, 0x0000000714000000|100%| E|CS|TAMS 0x0000000713e00000| PB 0x0000000713e00000| Complete 

Card table byte_map: [0x00000242f4e60000,0x00000242f5640000] _byte_map_base: 0x00000242f163e000

Marking Bits: (CMBitMap*) 0x00000242ebbb94d0
 Bits: [0x00000242f5e20000, 0x00000242f9d10000)

Polling page: 0x00000242e9a40000

Metaspace:

Usage:
  Non-class:     61.57 MB used.
      Class:      9.44 MB used.
       Both:     71.01 MB used.

Virtual space:
  Non-class space:       64.00 MB reserved,      62.00 MB ( 97%) committed,  1 nodes.
      Class space:        1.00 GB reserved,       9.75 MB ( <1%) committed,  1 nodes.
             Both:        1.06 GB reserved,      71.75 MB (  7%) committed. 

Chunk freelists:
   Non-Class:  1.45 MB
       Class:  2.19 MB
        Both:  3.64 MB

MaxMetaspaceSize: unlimited
CompressedClassSpaceSize: 1.00 GB
Initial GC threshold: 21.00 MB
Current GC threshold: 119.06 MB
CDS: on
MetaspaceReclaimPolicy: balanced
 - commit_granule_bytes: 65536.
 - commit_granule_words: 8192.
 - virtual_space_node_default_size: 8388608.
 - enlarge_chunks_in_place: 1.
 - new_chunks_are_fully_committed: 0.
 - uncommit_free_chunks: 1.
 - use_allocation_guard: 0.


Internal statistics:

num_allocs_failed_limit: 9.
num_arena_births: 1074.
num_arena_deaths: 0.
num_vsnodes_births: 2.
num_vsnodes_deaths: 0.
num_space_committed: 1148.
num_space_uncommitted: 0.
num_chunks_returned_to_freelist: 9.
num_chunks_taken_from_freelist: 3791.
num_chunk_merges: 9.
num_chunk_splits: 2673.
num_chunks_enlarged: 2045.
num_inconsistent_stats: 0.

CodeHeap 'non-profiled nmethods': size=119168Kb used=5004Kb max_used=5697Kb free=114163Kb
 bounds [0x0000024287ba0000, 0x0000024288140000, 0x000002428f000000]
CodeHeap 'profiled nmethods': size=119104Kb used=12323Kb max_used=13813Kb free=106780Kb
 bounds [0x0000024280000000, 0x0000024280da0000, 0x0000024287450000]
CodeHeap 'non-nmethods': size=7488Kb used=2873Kb max_used=3446Kb free=4614Kb
 bounds [0x0000024287450000, 0x00000242877d0000, 0x0000024287ba0000]
 total_blobs=6555 nmethods=5850 adapters=611
 compilation: enabled
              stopped_count=0, restarted_count=0
 full_count=0

Compilation events (20 events):
Event: 1142.844 Thread 0x00000242fe3110e0 nmethod 8052 0x0000024287c45890 code [0x0000024287c45a00, 0x0000024287c45b08]
Event: 1142.845 Thread 0x00000242fdea5e60 8053       3       jdk.internal.jimage.ImageLocation::getAttribute (44 bytes)
Event: 1142.845 Thread 0x00000242fdea5e60 nmethod 8053 0x000002428015bb90 code [0x000002428015bda0, 0x000002428015c3b0]
Event: 1142.845 Thread 0x00000242fe3110e0 8054       4       java.lang.Class::getConstructor (31 bytes)
Event: 1142.846 Thread 0x00000242fdea5e60 8055       3       org.aspectj.weaver.internal.tools.PointcutExpressionImpl::matchesMethodExecution (8 bytes)
Event: 1142.846 Thread 0x00000242fdea5e60 nmethod 8055 0x0000024280290d10 code [0x0000024280290ea0, 0x0000024280290fd8]
Event: 1142.846 Thread 0x00000242fdea5e60 8056       3       java.util.regex.Pattern::compile (10 bytes)
Event: 1142.847 Thread 0x00000242fdea5e60 nmethod 8056 0x0000024280298210 code [0x00000242802983a0, 0x0000024280298538]
Event: 1142.847 Thread 0x00000242fdea8550 8057       3       java.lang.String::replaceAll (13 bytes)
Event: 1142.847 Thread 0x00000242fdea8550 nmethod 8057 0x00000242802d0290 code [0x00000242802d0440, 0x00000242802d06c8]
Event: 1142.847 Thread 0x00000242fdea8550 8058       3       org.springframework.core.convert.converter.GenericConverter$ConvertiblePair::equals (55 bytes)
Event: 1142.847 Thread 0x00000242fdea8550 nmethod 8058 0x0000024280365f10 code [0x00000242803660c0, 0x00000242803664c0]
Event: 1142.853 Thread 0x00000242fdea5340 nmethod 8039 0x0000024287e9af90 code [0x0000024287e9b1c0, 0x0000024287e9bda8]
Event: 1142.853 Thread 0x00000242fd0417d0 nmethod 8036 0x0000024287e46990 code [0x0000024287e46ba0, 0x0000024287e47a70]
Event: 1142.855 Thread 0x00000242fdea5340 8060       4       jdk.internal.org.objectweb.asm.Type::getReturnTypeOffset (64 bytes)
Event: 1142.855 Thread 0x00000242fd0417d0 8059       4       jdk.internal.org.objectweb.asm.Type::getDescriptor (93 bytes)
Event: 1142.860 Thread 0x00000242fe3110e0 nmethod 8054 0x0000024287c15a10 code [0x0000024287c15be0, 0x0000024287c164f8]
Event: 1142.860 Thread 0x00000242fe3110e0 8061       4       org.springframework.orm.jpa.support.PersistenceAnnotationBeanPostProcessor$$Lambda$549/0x0000000801377b58::doWith (17 bytes)
Event: 1142.861 Thread 0x00000242fdea5340 nmethod 8060 0x0000024287d17110 code [0x0000024287d172c0, 0x0000024287d17820]
Event: 1142.861 Thread 0x00000242fdea5340 8063       4       java.util.regex.Matcher::reset (128 bytes)

GC Heap History (20 events):
Event: 2.152 GC heap before
{Heap before GC invocations=5 (full 0):
 garbage-first heap   total 73728K, used 48944K [0x0000000704400000, 0x0000000800000000)
  region size 2048K, 21 young (43008K), 6 survivors (12288K)
 Metaspace       used 32720K, committed 33216K, reserved 1114112K
  class space    used 4036K, committed 4224K, reserved 1048576K
}
Event: 2.156 GC heap after
{Heap after GC invocations=6 (full 0):
 garbage-first heap   total 73728K, used 20634K [0x0000000704400000, 0x0000000800000000)
  region size 2048K, 2 young (4096K), 2 survivors (4096K)
 Metaspace       used 32720K, committed 33216K, reserved 1114112K
  class space    used 4036K, committed 4224K, reserved 1048576K
}
Event: 2.644 GC heap before
{Heap before GC invocations=6 (full 0):
 garbage-first heap   total 73728K, used 53402K [0x0000000704400000, 0x0000000800000000)
  region size 2048K, 19 young (38912K), 2 survivors (4096K)
 Metaspace       used 35391K, committed 35968K, reserved 1114112K
  class space    used 4458K, committed 4736K, reserved 1048576K
}
Event: 2.646 GC heap after
{Heap after GC invocations=7 (full 0):
 garbage-first heap   total 73728K, used 22247K [0x0000000704400000, 0x0000000800000000)
  region size 2048K, 3 young (6144K), 3 survivors (6144K)
 Metaspace       used 35391K, committed 35968K, reserved 1114112K
  class space    used 4458K, committed 4736K, reserved 1048576K
}
Event: 3.203 GC heap before
{Heap before GC invocations=8 (full 0):
 garbage-first heap   total 73728K, used 57063K [0x0000000704400000, 0x0000000800000000)
  region size 2048K, 21 young (43008K), 3 survivors (6144K)
 Metaspace       used 45966K, committed 46592K, reserved 1114112K
  class space    used 5932K, committed 6208K, reserved 1048576K
}
Event: 3.206 GC heap after
{Heap after GC invocations=9 (full 0):
 garbage-first heap   total 73728K, used 24066K [0x0000000704400000, 0x0000000800000000)
  region size 2048K, 3 young (6144K), 3 survivors (6144K)
 Metaspace       used 45966K, committed 46592K, reserved 1114112K
  class space    used 5932K, committed 6208K, reserved 1048576K
}
Event: 3.579 GC heap before
{Heap before GC invocations=9 (full 0):
 garbage-first heap   total 73728K, used 56834K [0x0000000704400000, 0x0000000800000000)
  region size 2048K, 20 young (40960K), 3 survivors (6144K)
 Metaspace       used 56739K, committed 57344K, reserved 1114112K
  class space    used 7586K, committed 7872K, reserved 1048576K
}
Event: 3.585 GC heap after
{Heap after GC invocations=10 (full 0):
 garbage-first heap   total 73728K, used 25417K [0x0000000704400000, 0x0000000800000000)
  region size 2048K, 3 young (6144K), 3 survivors (6144K)
 Metaspace       used 56739K, committed 57344K, reserved 1114112K
  class space    used 7586K, committed 7872K, reserved 1048576K
}
Event: 3.812 GC heap before
{Heap before GC invocations=10 (full 0):
 garbage-first heap   total 73728K, used 43849K [0x0000000704400000, 0x0000000800000000)
  region size 2048K, 13 young (26624K), 3 survivors (6144K)
 Metaspace       used 59477K, committed 60096K, reserved 1114112K
  class space    used 7880K, committed 8128K, reserved 1048576K
}
Event: 3.815 GC heap after
{Heap after GC invocations=11 (full 0):
 garbage-first heap   total 73728K, used 27783K [0x0000000704400000, 0x0000000800000000)
  region size 2048K, 2 young (4096K), 2 survivors (4096K)
 Metaspace       used 59477K, committed 60096K, reserved 1114112K
  class space    used 7880K, committed 8128K, reserved 1048576K
}
Event: 4.233 GC heap before
{Heap before GC invocations=12 (full 0):
 garbage-first heap   total 73728K, used 62599K [0x0000000704400000, 0x0000000800000000)
  region size 2048K, 19 young (38912K), 2 survivors (4096K)
 Metaspace       used 60843K, committed 61504K, reserved 1114112K
  class space    used 8116K, committed 8384K, reserved 1048576K
}
Event: 4.236 GC heap after
{Heap after GC invocations=13 (full 0):
 garbage-first heap   total 90112K, used 30206K [0x0000000704400000, 0x0000000800000000)
  region size 2048K, 3 young (6144K), 3 survivors (6144K)
 Metaspace       used 60843K, committed 61504K, reserved 1114112K
  class space    used 8116K, committed 8384K, reserved 1048576K
}
Event: 4.675 GC heap before
{Heap before GC invocations=13 (full 0):
 garbage-first heap   total 90112K, used 75262K [0x0000000704400000, 0x0000000800000000)
  region size 2048K, 25 young (51200K), 3 survivors (6144K)
 Metaspace       used 63500K, committed 64256K, reserved 1114112K
  class space    used 8503K, committed 8832K, reserved 1048576K
}
Event: 4.679 GC heap after
{Heap after GC invocations=14 (full 0):
 garbage-first heap   total 90112K, used 33170K [0x0000000704400000, 0x0000000800000000)
  region size 2048K, 4 young (8192K), 4 survivors (8192K)
 Metaspace       used 63500K, committed 64256K, reserved 1114112K
  class space    used 8503K, committed 8832K, reserved 1048576K
}
Event: 783.659 GC heap before
{Heap before GC invocations=14 (full 0):
 garbage-first heap   total 90112K, used 72082K [0x0000000704400000, 0x0000000800000000)
  region size 2048K, 24 young (49152K), 4 survivors (8192K)
 Metaspace       used 72043K, committed 72832K, reserved 1114112K
  class space    used 9621K, committed 9984K, reserved 1048576K
}
Event: 783.665 GC heap after
{Heap after GC invocations=15 (full 0):
 garbage-first heap   total 90112K, used 35143K [0x0000000704400000, 0x0000000800000000)
  region size 2048K, 2 young (4096K), 2 survivors (4096K)
 Metaspace       used 72043K, committed 72832K, reserved 1114112K
  class space    used 9621K, committed 9984K, reserved 1048576K
}
Event: 1142.119 GC heap before
{Heap before GC invocations=15 (full 0):
 garbage-first heap   total 90112K, used 41287K [0x0000000704400000, 0x0000000800000000)
  region size 2048K, 6 young (12288K), 2 survivors (4096K)
 Metaspace       used 72167K, committed 72896K, reserved 1114112K
  class space    used 9644K, committed 9984K, reserved 1048576K
}
Event: 1142.153 GC heap after
{Heap after GC invocations=16 (full 1):
 garbage-first heap   total 90112K, used 28694K [0x0000000704400000, 0x0000000800000000)
  region size 2048K, 0 young (0K), 0 survivors (0K)
 Metaspace       used 72167K, committed 72896K, reserved 1114112K
  class space    used 9644K, committed 9984K, reserved 1048576K
}
Event: 1142.581 GC heap before
{Heap before GC invocations=16 (full 1):
 garbage-first heap   total 90112K, used 73750K [0x0000000704400000, 0x0000000800000000)
  region size 2048K, 23 young (47104K), 0 survivors (0K)
 Metaspace       used 72380K, committed 73152K, reserved 1114112K
  class space    used 9652K, committed 9984K, reserved 1048576K
}
Event: 1142.584 GC heap after
{Heap after GC invocations=17 (full 1):
 garbage-first heap   total 90112K, used 32619K [0x0000000704400000, 0x0000000800000000)
  region size 2048K, 2 young (4096K), 2 survivors (4096K)
 Metaspace       used 72380K, committed 73152K, reserved 1114112K
  class space    used 9652K, committed 9984K, reserved 1048576K
}

Dll operation events (14 events):
Event: 0.005 Loaded shared library C:\Program Files\Java\jdk-20\bin\java.dll
Event: 0.011 Loaded shared library C:\Program Files\Java\jdk-20\bin\jsvml.dll
Event: 0.065 Loaded shared library C:\Program Files\Java\jdk-20\bin\zip.dll
Event: 0.066 Loaded shared library C:\Program Files\Java\jdk-20\bin\instrument.dll
Event: 0.069 Loaded shared library C:\Program Files\Java\jdk-20\bin\net.dll
Event: 0.070 Loaded shared library C:\Program Files\Java\jdk-20\bin\nio.dll
Event: 0.072 Loaded shared library C:\Program Files\Java\jdk-20\bin\zip.dll
Event: 0.116 Loaded shared library C:\Program Files\JetBrains\IntelliJ IDEA Community Edition 2023.1.2\bin\breakgen64.dll
Event: 0.121 Loaded shared library C:\Program Files\Java\jdk-20\bin\extnet.dll
Event: 0.140 Loaded shared library C:\Program Files\Java\jdk-20\bin\jimage.dll
Event: 0.309 Loaded shared library C:\Program Files\Java\jdk-20\bin\management.dll
Event: 0.310 Loaded shared library C:\Program Files\Java\jdk-20\bin\management_ext.dll
Event: 0.811 Loaded shared library C:\Program Files\Java\jdk-20\bin\sunmscapi.dll
Event: 2.874 Loaded shared library C:\Program Files\Java\jdk-20\bin\verify.dll

Deoptimization events (20 events):
Event: 1142.715 Thread 0x000002429691ac30 DEOPT PACKING pc=0x0000024287c8d748 sp=0x000000b6949fbb50
Event: 1142.715 Thread 0x000002429691ac30 DEOPT UNPACKING pc=0x00000242874b9d22 sp=0x000000b6949fbb10 mode 2
Event: 1142.738 Thread 0x000002429691ac30 DEOPT PACKING pc=0x00000242807ac557 sp=0x000000b6949fcf40
Event: 1142.738 Thread 0x000002429691ac30 DEOPT UNPACKING pc=0x00000242874ba4c2 sp=0x000000b6949fc418 mode 0
Event: 1142.746 Thread 0x000002429691ac30 Uncommon trap: trap_request=0xffffff45 fr.pc=0x0000024287f705f8 relative=0x0000000000001458
Event: 1142.746 Thread 0x000002429691ac30 Uncommon trap: reason=unstable_if action=reinterpret pc=0x0000024287f705f8 method=java.net.URL.<init>(Ljava/net/URL;Ljava/lang/String;Ljava/net/URLStreamHandler;)V @ 57 c2
Event: 1142.746 Thread 0x000002429691ac30 DEOPT PACKING pc=0x0000024287f705f8 sp=0x000000b6949fdf40
Event: 1142.746 Thread 0x000002429691ac30 DEOPT UNPACKING pc=0x00000242874b9d22 sp=0x000000b6949fdec0 mode 2
Event: 1142.837 Thread 0x000002429691ac30 Uncommon trap: trap_request=0xfffffff4 fr.pc=0x0000024288078624 relative=0x0000000000001424
Event: 1142.837 Thread 0x000002429691ac30 Uncommon trap: reason=null_check action=make_not_entrant pc=0x0000024288078624 method=org.springframework.orm.jpa.support.PersistenceAnnotationBeanPostProcessor$PersistenceElement.<init>(Lorg/springframework/orm/jpa/support/PersistenceAnnotationBeanPostPr
Event: 1142.837 Thread 0x000002429691ac30 DEOPT PACKING pc=0x0000024288078624 sp=0x000000b6949fc4a0
Event: 1142.837 Thread 0x000002429691ac30 DEOPT UNPACKING pc=0x00000242874b9d22 sp=0x000000b6949fc330 mode 2
Event: 1142.838 Thread 0x000002429691ac30 Uncommon trap: trap_request=0xffffff45 fr.pc=0x0000024287e39f60 relative=0x00000000000010e0
Event: 1142.838 Thread 0x000002429691ac30 Uncommon trap: reason=unstable_if action=reinterpret pc=0x0000024287e39f60 method=org.springframework.core.annotation.TypeMappedAnnotations$MergedAnnotationFinder.doWithAnnotations(Ljava/lang/Object;ILjava/lang/Object;[Ljava/lang/annotation/Annotation;)Lo
Event: 1142.838 Thread 0x000002429691ac30 DEOPT PACKING pc=0x0000024287e39f60 sp=0x000000b6949fc070
Event: 1142.838 Thread 0x000002429691ac30 DEOPT UNPACKING pc=0x00000242874b9d22 sp=0x000000b6949fc070 mode 2
Event: 1142.847 Thread 0x000002429691ac30 Uncommon trap: trap_request=0xffffff45 fr.pc=0x0000024287bc882c relative=0x000000000000022c
Event: 1142.847 Thread 0x000002429691ac30 Uncommon trap: reason=unstable_if action=reinterpret pc=0x0000024287bc882c method=java.util.ArrayDeque.addLast(Ljava/lang/Object;)V @ 42 c2
Event: 1142.847 Thread 0x000002429691ac30 DEOPT PACKING pc=0x0000024287bc882c sp=0x000000b6949fb710
Event: 1142.847 Thread 0x000002429691ac30 DEOPT UNPACKING pc=0x00000242874b9d22 sp=0x000000b6949fb6c0 mode 2

Classes loaded (20 events):
Event: 103.626 Loading class java/util/ResourceBundle$Control$1
Event: 103.626 Loading class java/util/ResourceBundle$Control$1 done
Event: 701.020 Loading class sun/net/ConnectionResetException
Event: 701.020 Loading class sun/net/ConnectionResetException done
Event: 1142.105 Loading class java/util/concurrent/locks/AbstractQueuedSynchronizer$SharedNode
Event: 1142.105 Loading class java/util/concurrent/locks/AbstractQueuedSynchronizer$SharedNode done
Event: 1142.106 Loading class javax/management/NotificationBroadcasterSupport$WildcardListenerInfo
Event: 1142.107 Loading class javax/management/NotificationBroadcasterSupport$WildcardListenerInfo done
Event: 1142.118 Loading class java/util/WeakHashMap$KeyIterator
Event: 1142.118 Loading class java/util/WeakHashMap$HashIterator
Event: 1142.118 Loading class java/util/WeakHashMap$HashIterator done
Event: 1142.118 Loading class java/util/WeakHashMap$KeyIterator done
Event: 1142.153 Loading class java/lang/ref/Finalizer$2
Event: 1142.153 Loading class java/lang/ref/Finalizer$2 done
Event: 1142.153 Loading class java/lang/ref/Finalizer$1
Event: 1142.153 Loading class java/lang/ref/Finalizer$1 done
Event: 1142.485 Loading class java/util/WeakHashMap$EntrySet
Event: 1142.485 Loading class java/util/WeakHashMap$EntrySet done
Event: 1142.485 Loading class java/util/WeakHashMap$EntryIterator
Event: 1142.485 Loading class java/util/WeakHashMap$EntryIterator done

Classes unloaded (0 events):
No events

Classes redefined (0 events):
No events

Internal exceptions (20 events):
Event: 1142.708 Thread 0x000002429691ac30 Exception <a 'java/io/FileNotFoundException'{0x0000000708a6d140}> (0x0000000708a6d140) 
thrown [s\open\src\hotspot\share\prims\jni.cpp, line 519]
Event: 1142.747 Thread 0x000002429691ac30 Exception <a 'java/io/IOException'{0x0000000708548dc8}> (0x0000000708548dc8) 
thrown [s\open\src\hotspot\share\prims\jni.cpp, line 519]
Event: 1142.747 Thread 0x000002429691ac30 Exception <a 'java/io/IOException'{0x0000000708549470}> (0x0000000708549470) 
thrown [s\open\src\hotspot\share\prims\jni.cpp, line 519]
Event: 1142.749 Thread 0x000002429691ac30 Exception <a 'java/io/IOException'{0x00000007085732c8}> (0x00000007085732c8) 
thrown [s\open\src\hotspot\share\prims\jni.cpp, line 519]
Event: 1142.749 Thread 0x000002429691ac30 Exception <a 'java/io/IOException'{0x0000000708573970}> (0x0000000708573970) 
thrown [s\open\src\hotspot\share\prims\jni.cpp, line 519]
Event: 1142.752 Thread 0x000002429691ac30 Exception <a 'java/io/IOException'{0x000000070859fe50}> (0x000000070859fe50) 
thrown [s\open\src\hotspot\share\prims\jni.cpp, line 519]
Event: 1142.752 Thread 0x000002429691ac30 Exception <a 'java/io/IOException'{0x00000007085a04f8}> (0x00000007085a04f8) 
thrown [s\open\src\hotspot\share\prims\jni.cpp, line 519]
Event: 1142.752 Thread 0x000002429691ac30 Exception <a 'java/io/IOException'{0x00000007085aa318}> (0x00000007085aa318) 
thrown [s\open\src\hotspot\share\prims\jni.cpp, line 519]
Event: 1142.752 Thread 0x000002429691ac30 Exception <a 'java/io/IOException'{0x00000007085aa9c0}> (0x00000007085aa9c0) 
thrown [s\open\src\hotspot\share\prims\jni.cpp, line 519]
Event: 1142.769 Thread 0x000002429691ac30 Exception <a 'java/io/IOException'{0x00000007085c0d90}> (0x00000007085c0d90) 
thrown [s\open\src\hotspot\share\prims\jni.cpp, line 519]
Event: 1142.769 Thread 0x000002429691ac30 Exception <a 'java/io/IOException'{0x00000007085c16e8}> (0x00000007085c16e8) 
thrown [s\open\src\hotspot\share\prims\jni.cpp, line 519]
Event: 1142.769 Thread 0x000002429691ac30 Exception <a 'java/io/IOException'{0x00000007085c3c18}> (0x00000007085c3c18) 
thrown [s\open\src\hotspot\share\prims\jni.cpp, line 519]
Event: 1142.769 Thread 0x000002429691ac30 Exception <a 'java/io/IOException'{0x00000007085c42c0}> (0x00000007085c42c0) 
thrown [s\open\src\hotspot\share\prims\jni.cpp, line 519]
Event: 1142.778 Thread 0x000002429691ac30 Exception <a 'java/io/IOException'{0x00000007085fcb98}> (0x00000007085fcb98) 
thrown [s\open\src\hotspot\share\prims\jni.cpp, line 519]
Event: 1142.778 Thread 0x000002429691ac30 Exception <a 'java/io/IOException'{0x00000007085fd4f0}> (0x00000007085fd4f0) 
thrown [s\open\src\hotspot\share\prims\jni.cpp, line 519]
Event: 1142.805 Thread 0x000002429691ac30 Exception <a 'java/io/IOException'{0x000000070837f9a8}> (0x000000070837f9a8) 
thrown [s\open\src\hotspot\share\prims\jni.cpp, line 519]
Event: 1142.805 Thread 0x000002429691ac30 Exception <a 'java/io/IOException'{0x0000000708380300}> (0x0000000708380300) 
thrown [s\open\src\hotspot\share\prims\jni.cpp, line 519]
Event: 1142.828 Thread 0x000002429691ac30 Exception <a 'java/io/IOException'{0x000000070839ea08}> (0x000000070839ea08) 
thrown [s\open\src\hotspot\share\prims\jni.cpp, line 519]
Event: 1142.828 Thread 0x000002429691ac30 Exception <a 'java/io/IOException'{0x000000070839f0b0}> (0x000000070839f0b0) 
thrown [s\open\src\hotspot\share\prims\jni.cpp, line 519]
Event: 1142.837 Thread 0x000002429691ac30 Implicit null exception at 0x00000242880779ab to 0x0000024288078610

VM Operations (20 events):
Event: 784.672 Executing VM operation: Cleanup
Event: 784.672 Executing VM operation: Cleanup done
Event: 828.078 Executing VM operation: Cleanup
Event: 828.078 Executing VM operation: Cleanup done
Event: 1093.607 Executing VM operation: Cleanup
Event: 1093.607 Executing VM operation: Cleanup done
Event: 1142.105 Executing VM operation: Cleanup
Event: 1142.105 Executing VM operation: Cleanup done
Event: 1142.119 Executing VM operation: G1CollectFull
Event: 1142.153 Executing VM operation: G1CollectFull done
Event: 1142.403 Executing VM operation: ICBufferFull
Event: 1142.404 Executing VM operation: ICBufferFull done
Event: 1142.489 Executing VM operation: HandshakeAllThreads
Event: 1142.489 Executing VM operation: HandshakeAllThreads done
Event: 1142.581 Executing VM operation: G1CollectForAllocation
Event: 1142.584 Executing VM operation: G1CollectForAllocation done
Event: 1142.597 Executing VM operation: G1PauseRemark
Event: 1142.601 Executing VM operation: G1PauseRemark done
Event: 1142.607 Executing VM operation: G1PauseCleanup
Event: 1142.607 Executing VM operation: G1PauseCleanup done

Events (20 events):
Event: 1142.601 Thread 0x00000242fd01bf80 flushing nmethod 0x0000024287ba9590
Event: 1142.601 Thread 0x00000242fd01bf80 flushing nmethod 0x0000024287ba9290
Event: 1142.601 Thread 0x00000242fd01bf80 flushing nmethod 0x0000024287badd10
Event: 1142.601 Thread 0x00000242fd01bf80 flushing nmethod 0x0000024287bb1010
Event: 1142.601 Thread 0x00000242fd01bf80 flushing nmethod 0x0000024287bac610
Event: 1142.601 Thread 0x00000242fd01bf80 flushing nmethod 0x0000024287bada10
Event: 1142.601 Thread 0x00000242fd01bf80 flushing nmethod 0x0000024287bac310
Event: 1142.601 Thread 0x00000242fd01bf80 flushing nmethod 0x0000024287babd10
Event: 1142.601 Thread 0x00000242fd01bf80 flushing nmethod 0x0000024287ba1b10
Event: 1142.601 Thread 0x00000242fd01bf80 flushing nmethod 0x0000024287bad310
Event: 1142.601 Thread 0x00000242fd01bf80 flushing nmethod 0x0000024287bab090
Event: 1142.601 Thread 0x00000242fd01bf80 flushing nmethod 0x0000024287baaa90
Event: 1142.601 Thread 0x00000242fd01bf80 flushing nmethod 0x0000024287ba7390
Event: 1142.601 Thread 0x00000242fd01bf80 flushing nmethod 0x0000024287baa490
Event: 1142.601 Thread 0x00000242fd01bf80 flushing nmethod 0x0000024287ba7090
Event: 1142.601 Thread 0x00000242fd01bf80 flushing nmethod 0x0000024287ba0910
Event: 1142.709 Thread 0x0000024296918c50 Thread added: 0x0000024296918c50
Event: 1142.709 Thread 0x00000242969196f0 Thread added: 0x00000242969196f0
Event: 1142.709 Thread 0x000002429691a6e0 Thread added: 0x000002429691a6e0
Event: 1142.769 Thread 0x00000242969161d0 Thread added: 0x00000242969161d0


Dynamic libraries:
0x00007ff6d9000000 - 0x00007ff6d9010000 	C:\Program Files\Java\jdk-20\bin\java.exe
0x00007ffbeb0f0000 - 0x00007ffbeb307000 	C:\WINDOWS\SYSTEM32\ntdll.dll
0x00007ffbe9990000 - 0x00007ffbe9a54000 	C:\WINDOWS\System32\KERNEL32.DLL
0x00007ffbe85a0000 - 0x00007ffbe8946000 	C:\WINDOWS\System32\KERNELBASE.dll
0x00007ffbe8aa0000 - 0x00007ffbe8bb1000 	C:\WINDOWS\System32\ucrtbase.dll
0x00007ffbc2680000 - 0x00007ffbc2699000 	C:\Program Files\Java\jdk-20\bin\jli.dll
0x00007ffbe94e0000 - 0x00007ffbe9593000 	C:\WINDOWS\System32\ADVAPI32.dll
0x00007ffbeabc0000 - 0x00007ffbeac67000 	C:\WINDOWS\System32\msvcrt.dll
0x00007ffbb7d30000 - 0x00007ffbb7d4b000 	C:\Program Files\Java\jdk-20\bin\VCRUNTIME140.dll
0x00007ffbe95a0000 - 0x00007ffbe9648000 	C:\WINDOWS\System32\sechost.dll
0x00007ffbe8bc0000 - 0x00007ffbe8be8000 	C:\WINDOWS\System32\bcrypt.dll
0x00007ffbe9c00000 - 0x00007ffbe9d17000 	C:\WINDOWS\System32\RPCRT4.dll
0x00007ffbe8eb0000 - 0x00007ffbe905e000 	C:\WINDOWS\System32\USER32.dll
0x00007ffbe8950000 - 0x00007ffbe8976000 	C:\WINDOWS\System32\win32u.dll
0x00007ffbe9960000 - 0x00007ffbe9989000 	C:\WINDOWS\System32\GDI32.dll
0x00007ffbe8980000 - 0x00007ffbe8a98000 	C:\WINDOWS\System32\gdi32full.dll
0x00007ffbe8da0000 - 0x00007ffbe8e3a000 	C:\WINDOWS\System32\msvcp_win.dll
0x00007ffbc7ee0000 - 0x00007ffbc8173000 	C:\WINDOWS\WinSxS\amd64_microsoft.windows.common-controls_6595b64144ccf1df_6.0.22621.2506_none_270c5ae97388e100\COMCTL32.dll
0x00007ffbd5af0000 - 0x00007ffbd5afa000 	C:\WINDOWS\SYSTEM32\VERSION.dll
0x00007ffbe9920000 - 0x00007ffbe9951000 	C:\WINDOWS\System32\IMM32.DLL
0x00007ffbc2630000 - 0x00007ffbc263c000 	C:\Program Files\Java\jdk-20\bin\vcruntime140_1.dll
0x00007ffbb7200000 - 0x00007ffbb728e000 	C:\Program Files\Java\jdk-20\bin\msvcp140.dll
0x00007ffb2d590000 - 0x00007ffb2e227000 	C:\Program Files\Java\jdk-20\bin\server\jvm.dll
0x00007ffbe0330000 - 0x00007ffbe0364000 	C:\WINDOWS\SYSTEM32\WINMM.dll
0x00007ffbdd9f0000 - 0x00007ffbdd9f9000 	C:\WINDOWS\SYSTEM32\WSOCK32.dll
0x00007ffbea9f0000 - 0x00007ffbeaa61000 	C:\WINDOWS\System32\WS2_32.dll
0x00007ffbe7440000 - 0x00007ffbe7458000 	C:\WINDOWS\SYSTEM32\kernel.appcore.dll
0x00007ffbb8710000 - 0x00007ffbb871a000 	C:\Program Files\Java\jdk-20\bin\jimage.dll
0x00007ffbe5d10000 - 0x00007ffbe5f43000 	C:\WINDOWS\SYSTEM32\DBGHELP.DLL
0x00007ffbeac90000 - 0x00007ffbeb019000 	C:\WINDOWS\System32\combase.dll
0x00007ffbeaad0000 - 0x00007ffbeaba7000 	C:\WINDOWS\System32\OLEAUT32.dll
0x00007ffbbeff0000 - 0x00007ffbbf022000 	C:\WINDOWS\SYSTEM32\dbgcore.DLL
0x00007ffbe8c60000 - 0x00007ffbe8cda000 	C:\WINDOWS\System32\bcryptPrimitives.dll
0x00007ffbe2360000 - 0x00007ffbe236e000 	C:\Program Files\Java\jdk-20\bin\instrument.dll
0x00007ffbb7d00000 - 0x00007ffbb7d26000 	C:\Program Files\Java\jdk-20\bin\java.dll
0x00007ffbb7120000 - 0x00007ffbb71f7000 	C:\Program Files\Java\jdk-20\bin\jsvml.dll
0x00007ffbea190000 - 0x00007ffbea9eb000 	C:\WINDOWS\System32\SHELL32.dll
0x00007ffbe6340000 - 0x00007ffbe6c36000 	C:\WINDOWS\SYSTEM32\windows.storage.dll
0x00007ffbe6200000 - 0x00007ffbe633e000 	C:\WINDOWS\SYSTEM32\wintypes.dll
0x00007ffbe9650000 - 0x00007ffbe9743000 	C:\WINDOWS\System32\SHCORE.dll
0x00007ffbeaa70000 - 0x00007ffbeaace000 	C:\WINDOWS\System32\shlwapi.dll
0x00007ffbe8360000 - 0x00007ffbe8386000 	C:\WINDOWS\SYSTEM32\profapi.dll
0x00007ffbb70c0000 - 0x00007ffbb70d8000 	C:\Program Files\Java\jdk-20\bin\zip.dll
0x00007ffbb7100000 - 0x00007ffbb7113000 	C:\Program Files\Java\jdk-20\bin\net.dll
0x00007ffbdea90000 - 0x00007ffbdebc7000 	C:\WINDOWS\SYSTEM32\WINHTTP.dll
0x00007ffbe78d0000 - 0x00007ffbe7939000 	C:\WINDOWS\system32\mswsock.dll
0x00007ffbb70e0000 - 0x00007ffbb70f6000 	C:\Program Files\Java\jdk-20\bin\nio.dll
0x00007ffbe0100000 - 0x00007ffbe011a000 	C:\Program Files\JetBrains\IntelliJ IDEA Community Edition 2023.1.2\bin\breakgen64.dll
0x00007ffbb70b0000 - 0x00007ffbb70b7000 	C:\Program Files\Java\jdk-20\bin\extnet.dll
0x00007ffbd6630000 - 0x00007ffbd663a000 	C:\Program Files\Java\jdk-20\bin\management.dll
0x00007ffbd64e0000 - 0x00007ffbd64eb000 	C:\Program Files\Java\jdk-20\bin\management_ext.dll
0x00007ffbe9910000 - 0x00007ffbe9918000 	C:\WINDOWS\System32\PSAPI.DLL
0x00007ffbd64d0000 - 0x00007ffbd64de000 	C:\Program Files\Java\jdk-20\bin\sunmscapi.dll
0x00007ffbe8430000 - 0x00007ffbe8596000 	C:\WINDOWS\System32\CRYPT32.dll
0x00007ffbe7d00000 - 0x00007ffbe7d2e000 	C:\WINDOWS\SYSTEM32\ncrypt.dll
0x00007ffbe7cc0000 - 0x00007ffbe7cf7000 	C:\WINDOWS\SYSTEM32\NTASN1.dll
0x00007ffbe7b40000 - 0x00007ffbe7b5b000 	C:\WINDOWS\SYSTEM32\CRYPTSP.dll
0x00007ffbe73a0000 - 0x00007ffbe73d5000 	C:\WINDOWS\system32\rsaenh.dll
0x00007ffbe79e0000 - 0x00007ffbe7a0c000 	C:\WINDOWS\SYSTEM32\USERENV.dll
0x00007ffbe7b60000 - 0x00007ffbe7b6c000 	C:\WINDOWS\SYSTEM32\CRYPTBASE.dll
0x00007ffbe6ea0000 - 0x00007ffbe6ecd000 	C:\WINDOWS\SYSTEM32\IPHLPAPI.DLL
0x00007ffbea090000 - 0x00007ffbea099000 	C:\WINDOWS\System32\NSI.dll
0x00007ffbddf30000 - 0x00007ffbddf49000 	C:\WINDOWS\SYSTEM32\dhcpcsvc6.DLL
0x00007ffbde870000 - 0x00007ffbde88f000 	C:\WINDOWS\SYSTEM32\dhcpcsvc.DLL
0x00007ffbe6f10000 - 0x00007ffbe7009000 	C:\WINDOWS\SYSTEM32\DNSAPI.dll
0x00007ffbb7080000 - 0x00007ffbb7090000 	C:\Program Files\Java\jdk-20\bin\verify.dll
0x00007ffbdfc80000 - 0x00007ffbdfc8a000 	C:\Windows\System32\rasadhlp.dll
0x00007ffbdcfa0000 - 0x00007ffbdd023000 	C:\WINDOWS\System32\fwpuclnt.dll
0x00007ffbb7940000 - 0x00007ffbb7948000 	C:\WINDOWS\system32\wshunix.dll

dbghelp: loaded successfully - version: 4.0.5 - missing functions: none
symbol engine: initialized successfully - sym options: 0x614 - pdb path: .;C:\Program Files\Java\jdk-20\bin;C:\WINDOWS\SYSTEM32;C:\WINDOWS\WinSxS\amd64_microsoft.windows.common-controls_6595b64144ccf1df_6.0.22621.2506_none_270c5ae97388e100;C:\Program Files\Java\jdk-20\bin\server;C:\Program Files\JetBrains\IntelliJ IDEA Community Edition 2023.1.2\bin

VM Arguments:
jvm_args: -javaagent:C:\Program Files\JetBrains\IntelliJ IDEA Community Edition 2023.1.2\lib\idea_rt.jar=3824:C:\Program Files\JetBrains\IntelliJ IDEA Community Edition 2023.1.2\bin -Dfile.encoding=UTF-8 -Dsun.stdout.encoding=UTF-8 -Dsun.stderr.encoding=UTF-8 
java_command: SpringDB.ExampleApplication
java_class_path (initial): D:\Geek Brains 2022\Spring фреймворк\LecturesAndSeminars\Seminar_05\SpringDB\target\classes;C:\Users\pakho\.m2\repository\org\springframework\boot\spring-boot-starter-data-jpa\3.2.2\spring-boot-starter-data-jpa-3.2.2.jar;C:\Users\pakho\.m2\repository\org\springframework\boot\spring-boot-starter-aop\3.2.2\spring-boot-starter-aop-3.2.2.jar;C:\Users\pakho\.m2\repository\org\springframework\spring-aop\6.1.3\spring-aop-6.1.3.jar;C:\Users\pakho\.m2\repository\org\aspectj\aspectjweaver\1.9.21\aspectjweaver-1.9.21.jar;C:\Users\pakho\.m2\repository\org\springframework\boot\spring-boot-starter-jdbc\3.2.2\spring-boot-starter-jdbc-3.2.2.jar;C:\Users\pakho\.m2\repository\com\zaxxer\HikariCP\5.0.1\HikariCP-5.0.1.jar;C:\Users\pakho\.m2\repository\org\springframework\spring-jdbc\6.1.3\spring-jdbc-6.1.3.jar;C:\Users\pakho\.m2\repository\org\hibernate\orm\hibernate-core\6.4.1.Final\hibernate-core-6.4.1.Final.jar;C:\Users\pakho\.m2\repository\jakarta\persistence\jakarta.persistence-api\3.1.0\jakarta.persistence-api-3.1.0.jar;C:\Users\pakho\.m2\repository\jakarta\transaction\jakarta.transaction-api\2.0.1\jakarta.transaction-api-2.0.1.jar;C:\Users\pakho\.m2\repository\org\jboss\logging\jboss-logging\3.5.3.Final\jboss-logging-3.5.3.Final.jar;C:\Users\pakho\.m2\repository\org\hibernate\common\hibernate-commons-annotations\6.0.6.Final\hibernate-commons-annotations-6.0.6.Final.jar;C:\Users\pakho\.m2\repository\io\smallrye\jandex\3.1.2\jandex-3.1.2.jar;C:\Users\pakho\.m2\repository\com\fasterxml\classmate\1.6.0\classmate-1.6.0.jar;C:\Users\pakho\.m2\repository\net\bytebuddy\byte-buddy\1.14.11\byte-buddy-1.14.11.jar;C:\Users\pakho\.m2\repository\org\glassfish\jaxb\jaxb-runtime\4.0.4\jaxb-runtime-4.0.4.jar;C:\Users\pakho\.m2\repository\org\glassfish\jaxb\jaxb-core\4.0.4\jaxb-core-4.0.4.jar;C:\Users\pakho\.m2\repository\org\eclipse\angus\angus-activation\2.0.1\angus-activation-2.0.1.jar;C:\Users\pakho\.m2\repository\org\glassfish\jaxb\txw2\4.0.4\txw2-4.0.4.jar;C:\Users\pakho\.m2\repository\com\sun\istack\istack-commons-runtime\4.1.2\istack-commons-runtime-4.1.2.jar;C:\Users\pakho\.m2\repository\jakarta\inject\jakarta.inject-api\2.0.1\jakarta.inject-api-2.0.1.jar;C:\Users\pakho\.m2\repository\org\antlr\antlr4-runtime\4.13.0\antlr4-runtime-4.13.0.jar;C:\Users\pakho\.m2\repository\org\springframework\data\spring-data-jpa\3.2.2\spring-data-jpa-3.2.2.jar;C:\Users\pakho\.m2\repository\org\springframework\data\spring-data-commons\3.2.2\spring-data-commons-3.2.2.jar;C:\Users\pakho\.m2\repository\org\springframework\spring-orm\6.1.3\spring-orm-6.1.3.jar;C:\Users\pakho\.m2\repository\org\springframework\spring-context\6.1.3\spring-context-6.1.3.jar;C:\Users\pakho\.m2\repository\org\springframework\spring-tx\6.1.3\spring-tx-6.1.3.jar;C:\Users\pakho\.m2\repository\org\springframework\spring-beans\6.1.3\spring-beans-6.1.3.jar;C:\Users\pakho\.m2\repository\jakarta\annotation\jakarta.annotation-api\2.1.1\jakarta.annotation-api-2.1.1.jar;C:\Users\pakho\.m2\repository\org\springframework\spring-aspects\6.1.3\spring-aspects-6.1.3.jar;C:\Users\pakho\.m2\repository\org\springframework\boot\spring-boot-starter-actuator\3.2.2\spring-boot-starter-actuator-3.2.2.jar;C:\Users\pakho\.m2\repository\org\springframework\boot\spring-boot-starter\3.2.2\spring-boot-starter-3.2.2.jar;C:\Users\pakho\.m2\repository\org\springframework\boot\spring-boot-starter-logging\3.2.2\spring-boot-starter-logging-3.2.2.jar;C:\Users\pakho\.m2\repository\ch\qos\logback\logback-classic\1.4.14\logback-classic-1.4.14.jar;C:\Users\pakho\.m2\repository\ch\qos\logback\logback-core\1.4.14\logback-core-1.4.14.jar;C:\Users\pakho\.m2\repository\org\apache\logging\log4j\log4j-to-slf4j\2.21.1\log4j-to-slf4j-2.21.1.jar;C:\Users\pakho\.m2\repository\org\apache\logging\log4j\log4j-api\2.21.1\log4j-api-2.21.1.jar;C:\Users\pakho\.m2\repository\org\slf4j\jul-to-slf4j\2.0.11\jul-to-slf4j-2.0.11.jar;C:\Users\pakho\.m2\repository\org\yaml\snakeyaml\2.2\snakeyaml-2.2.jar;C:\Users\pakho\.m2\repository\org\springframework\boot\spring-boot-actuator-autoconfigure\3.2.2\spring-boot-actuator-autoconfigure-3.2.2.jar;C:\Users\pakho\.m2\repository\org\springframework\boot\spring-boot-actuator\3.2.2\spring-boot-actuator-3.2.2.jar;C:\Users\pakho\.m2\repository\com\fasterxml\jackson\core\jackson-databind\2.15.3\jackson-databind-2.15.3.jar;C:\Users\pakho\.m2\repository\com\fasterxml\jackson\core\jackson-annotations\2.15.3\jackson-annotations-2.15.3.jar;C:\Users\pakho\.m2\repository\com\fasterxml\jackson\core\jackson-core\2.15.3\jackson-core-2.15.3.jar;C:\Users\pakho\.m2\repository\com\fasterxml\jackson\datatype\jackson-datatype-jsr310\2.15.3\jackson-datatype-jsr310-2.15.3.jar;C:\Users\pakho\.m2\repository\io\micrometer\micrometer-observation\1.12.2\micrometer-observation-1.12.2.jar;C:\Users\pakho\.m2\repository\io\micrometer\micrometer-commons\1.12.2\micrometer-commons-1.12.2.jar;C:\Users\pakho\.m2\repository\io\micrometer\micrometer-jakarta9\1.12.2\micrometer-jakarta9-1.12.2.jar;C:\Users\pakho\.m2\repository\io\micrometer\micrometer-core\1.12.2\micrometer-core-1.12.2.jar;C:\Users\pakho\.m2\repository\org\hdrhistogram\HdrHistogram\2.1.12\HdrHistogram-2.1.12.jar;C:\Users\pakho\.m2\repository\org\latencyutils\LatencyUtils\2.0.3\LatencyUtils-2.0.3.jar;C:\Users\pakho\.m2\repository\org\postgresql\postgresql\42.6.0\postgresql-42.6.0.jar;C:\Users\pakho\.m2\repository\org\checkerframework\checker-qual\3.31.0\checker-qual-3.31.0.jar;C:\Users\pakho\.m2\repository\io\micrometer\micrometer-tracing-bridge-brave\1.2.2\micrometer-tracing-bridge-brave-1.2.2.jar;C:\Users\pakho\.m2\repository\io\micrometer\micrometer-tracing\1.2.2\micrometer-tracing-1.2.2.jar;C:\Users\pakho\.m2\repository\io\micrometer\context-propagation\1.1.0\context-propagation-1.1.0.jar;C:\Users\pakho\.m2\repository\aopalliance\aopalliance\1.0\aopalliance-1.0.jar;C:\Users\pakho\.m2\repository\org\slf4j\slf4j-api\2.0.11\slf4j-api-2.0.11.jar;C:\Users\pakho\.m2\repository\io\zipkin\brave\brave\5.16.0\brave-5.16.0.jar;C:\Users\pakho\.m2\repository\io\zipkin\brave\brave-context-slf4j\5.16.0\brave-context-slf4j-5.16.0.jar;C:\Users\pakho\.m2\repository\io\zipkin\brave\brave-instrumentation-http\5.16.0\brave-instrumentation-http-5.16.0.jar;C:\Users\pakho\.m2\repository\io\zipkin\aws\brave-propagation-aws\0.23.5\brave-propagation-aws-0.23.5.jar;C:\Users\pakho\.m2\repository\org\springframework\boot\spring-boot-starter-thymeleaf\3.2.2\spring-boot-starter-thymeleaf-3.2.2.jar;C:\Users\pakho\.m2\repository\org\thymeleaf\thymeleaf-spring6\3.1.2.RELEASE\thymeleaf-spring6-3.1.2.RELEASE.jar;C:\Users\pakho\.m2\repository\org\thymeleaf\thymeleaf\3.1.2.RELEASE\thymeleaf-3.1.2.RELEASE.jar;C:\Users\pakho\.m2\repository\org\attoparser\attoparser\2.0.7.RELEASE\attoparser-2.0.7.RELEASE.jar;C:\Users\pakho\.m2\repository\org\unbescape\unbescape\1.1.6.RELEASE\unbescape-1.1.6.RELEASE.jar;C:\Users\pakho\.m2\repository\org\springframework\boot\spring-boot-starter-web\3.2.2\spring-boot-starter-web-3.2.2.jar;C:\Users\pakho\.m2\repository\org\springframework\boot\spring-boot-starter-json\3.2.2\spring-boot-starter-json-3.2.2.jar;C:\Users\pakho\.m2\repository\com\fasterxml\jackson\datatype\jackson-datatype-jdk8\2.15.3\jackson-datatype-jdk8-2.15.3.jar;C:\Users\pakho\.m2\repository\com\fasterxml\jackson\module\jackson-module-parameter-names\2.15.3\jackson-module-parameter-names-2.15.3.jar;C:\Users\pakho\.m2\repository\org\springframework\boot\spring-boot-starter-tomcat\3.2.2\spring-boot-starter-tomcat-3.2.2.jar;C:\Users\pakho\.m2\repository\org\apache\tomcat\embed\tomcat-embed-core\10.1.18\tomcat-embed-core-10.1.18.jar;C:\Users\pakho\.m2\repository\org\apache\tomcat\embed\tomcat-embed-el\10.1.18\tomcat-embed-el-10.1.18.jar;C:\Users\pakho\.m2\repository\org\apache\tomcat\embed\tomcat-embed-websocket\10.1.18\tomcat-embed-websocket-10.1.18.jar;C:\Users\pakho\.m2\repository\org\springframework\spring-web\6.1.3\spring-web-6.1.3.jar;C:\Users\pakho\.m2\repository\org\springframework\spring-webmvc\6.1.3\spring-webmvc-6.1.3.jar;C:\Users\pakho\.m2\repository\org\springframework\spring-expression\6.1.3\spring-expression-6.1.3.jar;C:\Users\pakho\.m2\repository\org\springframework\boot\spring-boot-devtools\3.2.2\spring-boot-devtools-3.2.2.jar;C:\Users\pakho\.m2\repository\org\springframework\boot\spring-boot\3.2.2\spring-boot-3.2.2.jar;C:\Users\pakho\.m2\repository\org\springframework\boot\spring-boot-autoconfigure\3.2.2\spring-boot-autoconfigure-3.2.2.jar;C:\Users\pakho\.m2\repository\jakarta\xml\bind\jakarta.xml.bind-api\4.0.1\jakarta.xml.bind-api-4.0.1.jar;C:\Users\pakho\.m2\repository\jakarta\activation\jakarta.activation-api\2.1.2\jakarta.activation-api-2.1.2.jar;C:\Users\pakho\.m2\repository\org\springframework\spring-core\6.1.3\spring-core-6.1.3.jar;C:\Users\pakho\.m2\repository\org\springframework\spring-jcl\6.1.3\spring-jcl-6.1.3.jar
Launcher Type: SUN_STANDARD

[Global flags]
     intx CICompilerCount                          = 12                                        {product} {ergonomic}
     uint ConcGCThreads                            = 4                                         {product} {ergonomic}
     uint G1ConcRefinementThreads                  = 15                                        {product} {ergonomic}
   size_t G1HeapRegionSize                         = 2097152                                   {product} {ergonomic}
    uintx GCDrainStackTargetSize                   = 64                                        {product} {ergonomic}
   size_t InitialHeapSize                          = 264241152                                 {product} {ergonomic}
   size_t MarkStackSize                            = 4194304                                   {product} {ergonomic}
   size_t MaxHeapSize                              = 4223664128                                {product} {ergonomic}
   size_t MaxNewSize                               = 2533359616                                {product} {ergonomic}
   size_t MinHeapDeltaBytes                        = 2097152                                   {product} {ergonomic}
   size_t MinHeapSize                              = 8388608                                   {product} {ergonomic}
    uintx NonNMethodCodeHeapSize                   = 7602480                                {pd product} {ergonomic}
    uintx NonProfiledCodeHeapSize                  = 122027880                              {pd product} {ergonomic}
    uintx ProfiledCodeHeapSize                     = 122027880                              {pd product} {ergonomic}
    uintx ReservedCodeCacheSize                    = 251658240                              {pd product} {ergonomic}
     bool SegmentedCodeCache                       = true                                      {product} {ergonomic}
   size_t SoftMaxHeapSize                          = 4223664128                             {manageable} {ergonomic}
     bool UseCompressedClassPointers               = true                           {product lp64_product} {ergonomic}
     bool UseCompressedOops                        = true                           {product lp64_product} {ergonomic}
     bool UseG1GC                                  = true                                      {product} {ergonomic}
     bool UseLargePagesIndividualAllocation        = false                                  {pd product} {ergonomic}

Logging:
Log output configuration:
 #0: stdout all=warning uptime,level,tags foldmultilines=false
 #1: stderr all=off uptime,level,tags foldmultilines=false

Environment Variables:
JAVA_HOME=C:\Program Files\Java\jdk-20
PATH=C:\Python312\Scripts\;C:\Python312\;C:\Program Files\Eclipse Adoptium\jdk-21.0.2.13-hotspot\bin;C:\Program Files\Common Files\Oracle\Java\javapath;C:\Windows\System32\HWAudioDriverLibs;C:\Windows\system32;C:\Windows;C:\Windows\System32\Wbem;C:\Windows\System32\WindowsPowerShell\v1.0\;C:\Windows\System32\OpenSSH\;C:\Users\Administrator\AppData\Local\Microsoft\WindowsApps;C:\Program Files\Microsoft VS Code\bin;C:\Program Files\dotnet\;C:\Program Files\Microsoft SQL Server\150\Tools\Binn\;C:\Program Files\Microsoft SQL Server\Client SDK\ODBC\170\Tools\Binn\;C:\Program Files\Redis\;C:\WINDOWS\system32;C:\WINDOWS;C:\WINDOWS\System32\Wbem;C:\WINDOWS\System32\WindowsPowerShell\v1.0\;C:\WINDOWS\System32\OpenSSH\;C:\Program Files\Java\jdk-20\bin;C:\gradle-8.2-all\gradle-8.2\bin;C:\Maven\apache-maven-3.9.6\bin;C:\Program Files\Git\cmd;%NVM_HOME%;%NVM_SYMLINK%;C:\Program Files\PowerShell\7\;C:\Program Files\Docker\Docker\resources\bin;C:\Program Files\nodejs\;C:\ProgramData\chocolatey\bi;C:\Program Files\MySQL\MySQL Shell 8.0\bin\;C:\Users\pakho\AppData\Local\Microsoft\WindowsApps;C:\Users\pakho\.dotnet\tools;C:\Users\pakho\AppData\Roaming\nvm;C:\Program Files\nodejs;C:\Users\pakho\AppData\Roaming\npm
USERNAME=pakho
OS=Windows_NT
PROCESSOR_IDENTIFIER=Intel64 Family 6 Model 154 Stepping 3, GenuineIntel
TMP=C:\Users\pakho\AppData\Local\Temp
TEMP=C:\Users\pakho\AppData\Local\Temp




---------------  S Y S T E M  ---------------

OS:
 Windows 11 , 64 bit Build 22621 (10.0.22621.3085)
OS uptime: 0 days 21:15 hours
Hyper-V role detected

CPU: total 20 (initial active 20) (10 cores per cpu, 2 threads per core) family 6 model 154 stepping 3 microcode 0x41e, cx8, cmov, fxsr, ht, mmx, 3dnowpref, sse, sse2, sse3, ssse3, sse4.1, sse4.2, popcnt, lzcnt, tsc, tscinvbit, avx, avx2, aes, erms, clmul, bmi1, bmi2, adx, sha, fma, vzeroupper, clflush, clflushopt, clwb, hv, serialize, rdtscp, rdpid, fsrm, f16c, cet_ibt, cet_ss

Memory: 4k page, system-wide physical 16110M (1465M free)
TotalPageFile size 36779M (AvailPageFile size 38M)
current process WorkingSet (physical memory assigned to process): 301M, peak: 357M
current process commit charge ("private bytes"): 353M, peak: 425M

vm_info: Java HotSpot(TM) 64-Bit Server VM (20.0.1+9-29) for windows-amd64 JRE (20.0.1+9-29), built on 2023-03-07T13:56:11Z by "mach5one" with MS VC++ 17.1 (VS2022)

END.
