#
# There is insufficient memory for the Java Runtime Environment to continue.
# Native memory allocation (malloc) failed to allocate 1071328 bytes for Chunk::new
# Possible reasons:
#   The system is out of physical RAM or swap space
#   The process is running with CompressedOops enabled, and the Java Heap may be blocking the growth of the native heap
# Possible solutions:
#   Reduce memory load on the system
#   Increase physical memory or swap space
#   Check if swap backing store is full
#   Decrease Java heap size (-Xmx/-Xms)
#   Decrease number of Java threads
#   Decrease Java thread stack sizes (-Xss)
#   Set larger code cache with -XX:ReservedCodeCacheSize=
#   JVM is running with Zero Based Compressed Oops mode in which the Java heap is
#     placed in the first 32GB address space. The Java Heap base address is the
#     maximum limit for the native heap growth. Please use -XX:HeapBaseMinAddress
#     to set the Java Heap base and to place the Java Heap above 32GB virtual address.
# This output file may be truncated or incomplete.
#
#  Out of Memory Error (arena.cpp:184), pid=26988, tid=9248
#
# JRE version: Java(TM) SE Runtime Environment (20.0.1+9) (build 20.0.1+9-29)
# Java VM: Java HotSpot(TM) 64-Bit Server VM (20.0.1+9-29, mixed mode, sharing, tiered, compressed oops, compressed class ptrs, g1 gc, windows-amd64)
# No core dump will be written. Minidumps are not enabled by default on client versions of Windows
#

---------------  S U M M A R Y ------------

Command Line: -javaagent:C:\Program Files\JetBrains\IntelliJ IDEA Community Edition 2023.1.2\lib\idea_rt.jar=5259:C:\Program Files\JetBrains\IntelliJ IDEA Community Edition 2023.1.2\bin -Dfile.encoding=UTF-8 -Dsun.stdout.encoding=UTF-8 -Dsun.stderr.encoding=UTF-8 SpringDB.ExampleApplication

Host: 12th Gen Intel(R) Core(TM) i7-12700H, 20 cores, 15G,  Windows 11 , 64 bit Build 22621 (10.0.22621.3085)
Time: Tue Feb  6 14:14:50 2024  Windows 11 , 64 bit Build 22621 (10.0.22621.3085) elapsed time: 0.986682 seconds (0d 0h 0m 0s)

---------------  T H R E A D  ---------------

Current thread (0x000001be5086e990):  JavaThread "C2 CompilerThread1" daemon [_thread_in_native, id=9248, stack(0x00000034d0700000,0x00000034d0800000)]


Current CompileTask:
C2:    986 2005       4       jdk.internal.loader.URLClassPath::getResource (74 bytes)

Stack: [0x00000034d0700000,0x00000034d0800000]
Native frames: (J=compiled Java code, j=interpreted, Vv=VM code, C=native code)
V  [jvm.dll+0x6bb95a]
V  [jvm.dll+0x8485fa]
V  [jvm.dll+0x84a1f5]
V  [jvm.dll+0x84a8f3]
V  [jvm.dll+0x280b0f]
V  [jvm.dll+0xc2b11]
V  [jvm.dll+0xc2e35]
V  [jvm.dll+0x3bb17c]
V  [jvm.dll+0x1e6e39]
V  [jvm.dll+0x24b3ab]
V  [jvm.dll+0x24a651]
V  [jvm.dll+0x1ce491]
V  [jvm.dll+0x259e1b]
V  [jvm.dll+0x2584f0]
V  [jvm.dll+0x3f2895]
V  [jvm.dll+0x7f4b56]
V  [jvm.dll+0x6ba5cb]
C  [ucrtbase.dll+0x29363]
C  [KERNEL32.DLL+0x1257d]
C  [ntdll.dll+0x5aa58]


---------------  P R O C E S S  ---------------

Threads class SMR info:
_java_thread_list=0x000001be51cee5f0, length=20, elements={
0x000001be2c349510, 0x000001be4bb398f0, 0x000001be4bb3a6f0, 0x000001be4bb3b880,
0x000001be4bb3d790, 0x000001be4bb3e480, 0x000001be5084dff0, 0x000001be50850c10,
0x000001be50871ba0, 0x000001be4bb0cdb0, 0x000001be5086ef20, 0x000001be50871610,
0x000001be5086e990, 0x000001be50b62970, 0x000001be50aef670, 0x000001be5138a050,
0x000001be51b83890, 0x000001be51b98ef0, 0x000001be5086f4b0, 0x000001be50870560
}

Java Threads: ( => current thread )
  0x000001be2c349510 JavaThread "main" [_thread_blocked, id=7908, stack(0x00000034cf500000,0x00000034cf600000)]
  0x000001be4bb398f0 JavaThread "Reference Handler" daemon [_thread_blocked, id=27076, stack(0x00000034cfc00000,0x00000034cfd00000)]
  0x000001be4bb3a6f0 JavaThread "Finalizer" daemon [_thread_blocked, id=32160, stack(0x00000034cfd00000,0x00000034cfe00000)]
  0x000001be4bb3b880 JavaThread "Signal Dispatcher" daemon [_thread_blocked, id=32416, stack(0x00000034cfe00000,0x00000034cff00000)]
  0x000001be4bb3d790 JavaThread "Attach Listener" daemon [_thread_blocked, id=30024, stack(0x00000034cff00000,0x00000034d0000000)]
  0x000001be4bb3e480 JavaThread "Service Thread" daemon [_thread_blocked, id=9916, stack(0x00000034d0000000,0x00000034d0100000)]
  0x000001be5084dff0 JavaThread "Monitor Deflation Thread" daemon [_thread_blocked, id=31196, stack(0x00000034d0100000,0x00000034d0200000)]
  0x000001be50850c10 JavaThread "C2 CompilerThread0" daemon [_thread_in_native, id=27028, stack(0x00000034d0200000,0x00000034d0300000)]
  0x000001be50871ba0 JavaThread "C1 CompilerThread0" daemon [_thread_blocked, id=20548, stack(0x00000034d0300000,0x00000034d0400000)]
  0x000001be4bb0cdb0 JavaThread "Common-Cleaner" daemon [_thread_blocked, id=30376, stack(0x00000034d0400000,0x00000034d0500000)]
  0x000001be5086ef20 JavaThread "C1 CompilerThread1" daemon [_thread_blocked, id=11756, stack(0x00000034d0500000,0x00000034d0600000)]
  0x000001be50871610 JavaThread "C1 CompilerThread2" daemon [_thread_blocked, id=31232, stack(0x00000034d0600000,0x00000034d0700000)]
=>0x000001be5086e990 JavaThread "C2 CompilerThread1" daemon [_thread_in_native, id=9248, stack(0x00000034d0700000,0x00000034d0800000)]
  0x000001be50b62970 JavaThread "Monitor Ctrl-Break" daemon [_thread_in_native, id=30060, stack(0x00000034d0800000,0x00000034d0900000)]
  0x000001be50aef670 JavaThread "Notification Thread" daemon [_thread_blocked, id=12168, stack(0x00000034d0900000,0x00000034d0a00000)]
  0x000001be5138a050 JavaThread "Thread-0" [_thread_blocked, id=33052, stack(0x00000034d1000000,0x00000034d1100000)]
  0x000001be51b83890 JavaThread "restartedMain" [_thread_in_vm, id=1660, stack(0x00000034d1100000,0x00000034d1200000)]
  0x000001be51b98ef0 JavaThread "background-preinit" [_thread_in_vm, id=27944, stack(0x00000034d1200000,0x00000034d1300000)]
  0x000001be5086f4b0 JavaThread "C2 CompilerThread2" daemon [_thread_in_native, id=27916, stack(0x00000034d1500000,0x00000034d1600000)]
  0x000001be50870560 JavaThread "C1 CompilerThread3" daemon [_thread_blocked, id=21968, stack(0x00000034d1600000,0x00000034d1700000)]

Other Threads:
  0x000001be4bb25510 VMThread "VM Thread" [stack: 0x00000034cfb00000,0x00000034cfc00000] [id=5428]
  0x000001be50b62ec0 WatcherThread "VM Periodic Task Thread" [stack: 0x00000034d0a00000,0x00000034d0b00000] [id=27620]
  0x000001be2c3bb9b0 WorkerThread "GC Thread#0" [stack: 0x00000034cf600000,0x00000034cf700000] [id=4224]
  0x000001be4bb24160 WorkerThread "GC Thread#1" [stack: 0x00000034d0b00000,0x00000034d0c00000] [id=31424]
  0x000001be4bb24ca0 WorkerThread "GC Thread#2" [stack: 0x00000034d0c00000,0x00000034d0d00000] [id=10856]
  0x000001be4bb24430 WorkerThread "GC Thread#3" [stack: 0x00000034d0d00000,0x00000034d0e00000] [id=27420]
  0x000001be4bb23bc0 WorkerThread "GC Thread#4" [stack: 0x00000034d0e00000,0x00000034d0f00000] [id=24568]
  0x000001be4bb24700 WorkerThread "GC Thread#5" [stack: 0x00000034d0f00000,0x00000034d1000000] [id=12768]
  0x000001be51a2d030 WorkerThread "GC Thread#6" [stack: 0x00000034d1300000,0x00000034d1400000] [id=29012]
  0x000001be51a2ec50 WorkerThread "GC Thread#7" [stack: 0x00000034d1400000,0x00000034d1500000] [id=29792]
  0x000001be2c3cc530 ConcurrentGCThread "G1 Main Marker" [stack: 0x00000034cf700000,0x00000034cf800000] [id=2060]
  0x000001be2c3cce70 WorkerThread "G1 Conc#0" [stack: 0x00000034cf800000,0x00000034cf900000] [id=28900]
  0x000001be4b9e50c0 ConcurrentGCThread "G1 Refine#0" [stack: 0x00000034cf900000,0x00000034cfa00000] [id=29476]
  0x000001be4b9e6a80 ConcurrentGCThread "G1 Service" [stack: 0x00000034cfa00000,0x00000034cfb00000] [id=28144]

Threads with active compile tasks:
C2 CompilerThread0      999 2250       4       jdk.internal.org.objectweb.asm.SymbolTable::addConstantUtf8Reference (101 bytes)
C2 CompilerThread1      999 2005       4       jdk.internal.loader.URLClassPath::getResource (74 bytes)

VM state: not at safepoint (normal execution)

VM Mutex/Monitor currently owned by a thread: None

Heap address: 0x0000000704400000, size: 4028 MB, Compressed Oops mode: Zero based, Oop shift amount: 3

CDS archive(s) mapped at: [0x0000000800000000-0x0000000800c60000-0x0000000800c60000), size 12976128, SharedBaseAddress: 0x0000000800000000, ArchiveRelocationMode: 0.
Compressed class space mapped at: 0x0000000801000000-0x0000000841000000, reserved size: 1073741824
Narrow klass base: 0x0000000800000000, Narrow klass shift: 0, Narrow klass range: 0x100000000

GC Precious Log:
 CardTable entry size: 512
 Card Set container configuration: InlinePtr #cards 4 size 8 Array Of Cards #cards 16 size 48 Howl #buckets 8 coarsen threshold 3686 Howl Bitmap #cards 512 size 80 coarsen threshold 460 Card regions per heap region 1 cards per card region 4096
 CPUs: 20 total, 20 available
 Memory: 16110M
 Large Page Support: Disabled
 NUMA Support: Disabled
 Compressed Oops: Enabled (Zero based)
 Heap Region Size: 2M
 Heap Min Capacity: 8M
 Heap Initial Capacity: 252M
 Heap Max Capacity: 4028M
 Pre-touch: Disabled
 Parallel Workers: 15
 Concurrent Workers: 4
 Concurrent Refinement Workers: 15
 Periodic GC: Disabled

Heap:
 garbage-first heap   total 258048K, used 24838K [0x0000000704400000, 0x0000000800000000)
  region size 2048K, 10 young (20480K), 1 survivors (2048K)
 Metaspace       used 16181K, committed 16448K, reserved 1114112K
  class space    used 1945K, committed 2048K, reserved 1048576K

Heap Regions: E=young(eden), S=young(survivor), O=old, HS=humongous(starts), HC=humongous(continues), CS=collection set, F=free, OA=open archive, CA=closed archive, TAMS=top-at-mark-start, PB=parsable bottom
|   0|0x0000000704400000, 0x0000000704600000, 0x0000000704600000|100%| O|  |TAMS 0x0000000704400000| PB 0x0000000704400000| Untracked 
|   1|0x0000000704600000, 0x0000000704800000, 0x0000000704800000|100%| O|  |TAMS 0x0000000704600000| PB 0x0000000704600000| Untracked 
|   2|0x0000000704800000, 0x0000000704a00000, 0x0000000704a00000|100%| O|  |TAMS 0x0000000704800000| PB 0x0000000704800000| Untracked 
|   3|0x0000000704a00000, 0x0000000704a5fe00, 0x0000000704c00000| 18%| O|  |TAMS 0x0000000704a00000| PB 0x0000000704a00000| Untracked 
|   4|0x0000000704c00000, 0x0000000704c00000, 0x0000000704e00000|  0%| F|  |TAMS 0x0000000704c00000| PB 0x0000000704c00000| Untracked 
|   5|0x0000000704e00000, 0x0000000704e00000, 0x0000000705000000|  0%| F|  |TAMS 0x0000000704e00000| PB 0x0000000704e00000| Untracked 
|   6|0x0000000705000000, 0x0000000705000000, 0x0000000705200000|  0%| F|  |TAMS 0x0000000705000000| PB 0x0000000705000000| Untracked 
|   7|0x0000000705200000, 0x0000000705200000, 0x0000000705400000|  0%| F|  |TAMS 0x0000000705200000| PB 0x0000000705200000| Untracked 
|   8|0x0000000705400000, 0x0000000705400000, 0x0000000705600000|  0%| F|  |TAMS 0x0000000705400000| PB 0x0000000705400000| Untracked 
|   9|0x0000000705600000, 0x0000000705600000, 0x0000000705800000|  0%| F|  |TAMS 0x0000000705600000| PB 0x0000000705600000| Untracked 
|  10|0x0000000705800000, 0x0000000705800000, 0x0000000705a00000|  0%| F|  |TAMS 0x0000000705800000| PB 0x0000000705800000| Untracked 
|  11|0x0000000705a00000, 0x0000000705a00000, 0x0000000705c00000|  0%| F|  |TAMS 0x0000000705a00000| PB 0x0000000705a00000| Untracked 
|  12|0x0000000705c00000, 0x0000000705c00000, 0x0000000705e00000|  0%| F|  |TAMS 0x0000000705c00000| PB 0x0000000705c00000| Untracked 
|  13|0x0000000705e00000, 0x0000000705e00000, 0x0000000706000000|  0%| F|  |TAMS 0x0000000705e00000| PB 0x0000000705e00000| Untracked 
|  14|0x0000000706000000, 0x0000000706000000, 0x0000000706200000|  0%| F|  |TAMS 0x0000000706000000| PB 0x0000000706000000| Untracked 
|  15|0x0000000706200000, 0x0000000706200000, 0x0000000706400000|  0%| F|  |TAMS 0x0000000706200000| PB 0x0000000706200000| Untracked 
|  16|0x0000000706400000, 0x0000000706400000, 0x0000000706600000|  0%| F|  |TAMS 0x0000000706400000| PB 0x0000000706400000| Untracked 
|  17|0x0000000706600000, 0x0000000706600000, 0x0000000706800000|  0%| F|  |TAMS 0x0000000706600000| PB 0x0000000706600000| Untracked 
|  18|0x0000000706800000, 0x0000000706800000, 0x0000000706a00000|  0%| F|  |TAMS 0x0000000706800000| PB 0x0000000706800000| Untracked 
|  19|0x0000000706a00000, 0x0000000706a00000, 0x0000000706c00000|  0%| F|  |TAMS 0x0000000706a00000| PB 0x0000000706a00000| Untracked 
|  20|0x0000000706c00000, 0x0000000706c00000, 0x0000000706e00000|  0%| F|  |TAMS 0x0000000706c00000| PB 0x0000000706c00000| Untracked 
|  21|0x0000000706e00000, 0x0000000706e00000, 0x0000000707000000|  0%| F|  |TAMS 0x0000000706e00000| PB 0x0000000706e00000| Untracked 
|  22|0x0000000707000000, 0x0000000707000000, 0x0000000707200000|  0%| F|  |TAMS 0x0000000707000000| PB 0x0000000707000000| Untracked 
|  23|0x0000000707200000, 0x0000000707200000, 0x0000000707400000|  0%| F|  |TAMS 0x0000000707200000| PB 0x0000000707200000| Untracked 
|  24|0x0000000707400000, 0x0000000707400000, 0x0000000707600000|  0%| F|  |TAMS 0x0000000707400000| PB 0x0000000707400000| Untracked 
|  25|0x0000000707600000, 0x0000000707600000, 0x0000000707800000|  0%| F|  |TAMS 0x0000000707600000| PB 0x0000000707600000| Untracked 
|  26|0x0000000707800000, 0x0000000707800000, 0x0000000707a00000|  0%| F|  |TAMS 0x0000000707800000| PB 0x0000000707800000| Untracked 
|  27|0x0000000707a00000, 0x0000000707a00000, 0x0000000707c00000|  0%| F|  |TAMS 0x0000000707a00000| PB 0x0000000707a00000| Untracked 
|  28|0x0000000707c00000, 0x0000000707c00000, 0x0000000707e00000|  0%| F|  |TAMS 0x0000000707c00000| PB 0x0000000707c00000| Untracked 
|  29|0x0000000707e00000, 0x0000000707e00000, 0x0000000708000000|  0%| F|  |TAMS 0x0000000707e00000| PB 0x0000000707e00000| Untracked 
|  30|0x0000000708000000, 0x0000000708000000, 0x0000000708200000|  0%| F|  |TAMS 0x0000000708000000| PB 0x0000000708000000| Untracked 
|  31|0x0000000708200000, 0x0000000708200000, 0x0000000708400000|  0%| F|  |TAMS 0x0000000708200000| PB 0x0000000708200000| Untracked 
|  32|0x0000000708400000, 0x0000000708400000, 0x0000000708600000|  0%| F|  |TAMS 0x0000000708400000| PB 0x0000000708400000| Untracked 
|  33|0x0000000708600000, 0x0000000708600000, 0x0000000708800000|  0%| F|  |TAMS 0x0000000708600000| PB 0x0000000708600000| Untracked 
|  34|0x0000000708800000, 0x0000000708800000, 0x0000000708a00000|  0%| F|  |TAMS 0x0000000708800000| PB 0x0000000708800000| Untracked 
|  35|0x0000000708a00000, 0x0000000708a00000, 0x0000000708c00000|  0%| F|  |TAMS 0x0000000708a00000| PB 0x0000000708a00000| Untracked 
|  36|0x0000000708c00000, 0x0000000708c00000, 0x0000000708e00000|  0%| F|  |TAMS 0x0000000708c00000| PB 0x0000000708c00000| Untracked 
|  37|0x0000000708e00000, 0x0000000708e00000, 0x0000000709000000|  0%| F|  |TAMS 0x0000000708e00000| PB 0x0000000708e00000| Untracked 
|  38|0x0000000709000000, 0x0000000709000000, 0x0000000709200000|  0%| F|  |TAMS 0x0000000709000000| PB 0x0000000709000000| Untracked 
|  39|0x0000000709200000, 0x0000000709200000, 0x0000000709400000|  0%| F|  |TAMS 0x0000000709200000| PB 0x0000000709200000| Untracked 
|  40|0x0000000709400000, 0x0000000709400000, 0x0000000709600000|  0%| F|  |TAMS 0x0000000709400000| PB 0x0000000709400000| Untracked 
|  41|0x0000000709600000, 0x0000000709600000, 0x0000000709800000|  0%| F|  |TAMS 0x0000000709600000| PB 0x0000000709600000| Untracked 
|  42|0x0000000709800000, 0x0000000709800000, 0x0000000709a00000|  0%| F|  |TAMS 0x0000000709800000| PB 0x0000000709800000| Untracked 
|  43|0x0000000709a00000, 0x0000000709a00000, 0x0000000709c00000|  0%| F|  |TAMS 0x0000000709a00000| PB 0x0000000709a00000| Untracked 
|  44|0x0000000709c00000, 0x0000000709c00000, 0x0000000709e00000|  0%| F|  |TAMS 0x0000000709c00000| PB 0x0000000709c00000| Untracked 
|  45|0x0000000709e00000, 0x0000000709e00000, 0x000000070a000000|  0%| F|  |TAMS 0x0000000709e00000| PB 0x0000000709e00000| Untracked 
|  46|0x000000070a000000, 0x000000070a000000, 0x000000070a200000|  0%| F|  |TAMS 0x000000070a000000| PB 0x000000070a000000| Untracked 
|  47|0x000000070a200000, 0x000000070a200000, 0x000000070a400000|  0%| F|  |TAMS 0x000000070a200000| PB 0x000000070a200000| Untracked 
|  48|0x000000070a400000, 0x000000070a400000, 0x000000070a600000|  0%| F|  |TAMS 0x000000070a400000| PB 0x000000070a400000| Untracked 
|  49|0x000000070a600000, 0x000000070a600000, 0x000000070a800000|  0%| F|  |TAMS 0x000000070a600000| PB 0x000000070a600000| Untracked 
|  50|0x000000070a800000, 0x000000070a800000, 0x000000070aa00000|  0%| F|  |TAMS 0x000000070a800000| PB 0x000000070a800000| Untracked 
|  51|0x000000070aa00000, 0x000000070aa00000, 0x000000070ac00000|  0%| F|  |TAMS 0x000000070aa00000| PB 0x000000070aa00000| Untracked 
|  52|0x000000070ac00000, 0x000000070ac00000, 0x000000070ae00000|  0%| F|  |TAMS 0x000000070ac00000| PB 0x000000070ac00000| Untracked 
|  53|0x000000070ae00000, 0x000000070ae00000, 0x000000070b000000|  0%| F|  |TAMS 0x000000070ae00000| PB 0x000000070ae00000| Untracked 
|  54|0x000000070b000000, 0x000000070b000000, 0x000000070b200000|  0%| F|  |TAMS 0x000000070b000000| PB 0x000000070b000000| Untracked 
|  55|0x000000070b200000, 0x000000070b200000, 0x000000070b400000|  0%| F|  |TAMS 0x000000070b200000| PB 0x000000070b200000| Untracked 
|  56|0x000000070b400000, 0x000000070b400000, 0x000000070b600000|  0%| F|  |TAMS 0x000000070b400000| PB 0x000000070b400000| Untracked 
|  57|0x000000070b600000, 0x000000070b600000, 0x000000070b800000|  0%| F|  |TAMS 0x000000070b600000| PB 0x000000070b600000| Untracked 
|  58|0x000000070b800000, 0x000000070b800000, 0x000000070ba00000|  0%| F|  |TAMS 0x000000070b800000| PB 0x000000070b800000| Untracked 
|  59|0x000000070ba00000, 0x000000070ba00000, 0x000000070bc00000|  0%| F|  |TAMS 0x000000070ba00000| PB 0x000000070ba00000| Untracked 
|  60|0x000000070bc00000, 0x000000070bc00000, 0x000000070be00000|  0%| F|  |TAMS 0x000000070bc00000| PB 0x000000070bc00000| Untracked 
|  61|0x000000070be00000, 0x000000070be00000, 0x000000070c000000|  0%| F|  |TAMS 0x000000070be00000| PB 0x000000070be00000| Untracked 
|  62|0x000000070c000000, 0x000000070c000000, 0x000000070c200000|  0%| F|  |TAMS 0x000000070c000000| PB 0x000000070c000000| Untracked 
|  63|0x000000070c200000, 0x000000070c200000, 0x000000070c400000|  0%| F|  |TAMS 0x000000070c200000| PB 0x000000070c200000| Untracked 
|  64|0x000000070c400000, 0x000000070c400000, 0x000000070c600000|  0%| F|  |TAMS 0x000000070c400000| PB 0x000000070c400000| Untracked 
|  65|0x000000070c600000, 0x000000070c600000, 0x000000070c800000|  0%| F|  |TAMS 0x000000070c600000| PB 0x000000070c600000| Untracked 
|  66|0x000000070c800000, 0x000000070c800000, 0x000000070ca00000|  0%| F|  |TAMS 0x000000070c800000| PB 0x000000070c800000| Untracked 
|  67|0x000000070ca00000, 0x000000070ca00000, 0x000000070cc00000|  0%| F|  |TAMS 0x000000070ca00000| PB 0x000000070ca00000| Untracked 
|  68|0x000000070cc00000, 0x000000070cc00000, 0x000000070ce00000|  0%| F|  |TAMS 0x000000070cc00000| PB 0x000000070cc00000| Untracked 
|  69|0x000000070ce00000, 0x000000070ce00000, 0x000000070d000000|  0%| F|  |TAMS 0x000000070ce00000| PB 0x000000070ce00000| Untracked 
|  70|0x000000070d000000, 0x000000070d000000, 0x000000070d200000|  0%| F|  |TAMS 0x000000070d000000| PB 0x000000070d000000| Untracked 
|  71|0x000000070d200000, 0x000000070d200000, 0x000000070d400000|  0%| F|  |TAMS 0x000000070d200000| PB 0x000000070d200000| Untracked 
|  72|0x000000070d400000, 0x000000070d400000, 0x000000070d600000|  0%| F|  |TAMS 0x000000070d400000| PB 0x000000070d400000| Untracked 
|  73|0x000000070d600000, 0x000000070d600000, 0x000000070d800000|  0%| F|  |TAMS 0x000000070d600000| PB 0x000000070d600000| Untracked 
|  74|0x000000070d800000, 0x000000070d800000, 0x000000070da00000|  0%| F|  |TAMS 0x000000070d800000| PB 0x000000070d800000| Untracked 
|  75|0x000000070da00000, 0x000000070da00000, 0x000000070dc00000|  0%| F|  |TAMS 0x000000070da00000| PB 0x000000070da00000| Untracked 
|  76|0x000000070dc00000, 0x000000070dc00000, 0x000000070de00000|  0%| F|  |TAMS 0x000000070dc00000| PB 0x000000070dc00000| Untracked 
|  77|0x000000070de00000, 0x000000070de00000, 0x000000070e000000|  0%| F|  |TAMS 0x000000070de00000| PB 0x000000070de00000| Untracked 
|  78|0x000000070e000000, 0x000000070e000000, 0x000000070e200000|  0%| F|  |TAMS 0x000000070e000000| PB 0x000000070e000000| Untracked 
|  79|0x000000070e200000, 0x000000070e200000, 0x000000070e400000|  0%| F|  |TAMS 0x000000070e200000| PB 0x000000070e200000| Untracked 
|  80|0x000000070e400000, 0x000000070e400000, 0x000000070e600000|  0%| F|  |TAMS 0x000000070e400000| PB 0x000000070e400000| Untracked 
|  81|0x000000070e600000, 0x000000070e600000, 0x000000070e800000|  0%| F|  |TAMS 0x000000070e600000| PB 0x000000070e600000| Untracked 
|  82|0x000000070e800000, 0x000000070e800000, 0x000000070ea00000|  0%| F|  |TAMS 0x000000070e800000| PB 0x000000070e800000| Untracked 
|  83|0x000000070ea00000, 0x000000070ea00000, 0x000000070ec00000|  0%| F|  |TAMS 0x000000070ea00000| PB 0x000000070ea00000| Untracked 
|  84|0x000000070ec00000, 0x000000070ec00000, 0x000000070ee00000|  0%| F|  |TAMS 0x000000070ec00000| PB 0x000000070ec00000| Untracked 
|  85|0x000000070ee00000, 0x000000070ee00000, 0x000000070f000000|  0%| F|  |TAMS 0x000000070ee00000| PB 0x000000070ee00000| Untracked 
|  86|0x000000070f000000, 0x000000070f000000, 0x000000070f200000|  0%| F|  |TAMS 0x000000070f000000| PB 0x000000070f000000| Untracked 
|  87|0x000000070f200000, 0x000000070f200000, 0x000000070f400000|  0%| F|  |TAMS 0x000000070f200000| PB 0x000000070f200000| Untracked 
|  88|0x000000070f400000, 0x000000070f400000, 0x000000070f600000|  0%| F|  |TAMS 0x000000070f400000| PB 0x000000070f400000| Untracked 
|  89|0x000000070f600000, 0x000000070f600000, 0x000000070f800000|  0%| F|  |TAMS 0x000000070f600000| PB 0x000000070f600000| Untracked 
|  90|0x000000070f800000, 0x000000070f800000, 0x000000070fa00000|  0%| F|  |TAMS 0x000000070f800000| PB 0x000000070f800000| Untracked 
|  91|0x000000070fa00000, 0x000000070fa00000, 0x000000070fc00000|  0%| F|  |TAMS 0x000000070fa00000| PB 0x000000070fa00000| Untracked 
|  92|0x000000070fc00000, 0x000000070fc00000, 0x000000070fe00000|  0%| F|  |TAMS 0x000000070fc00000| PB 0x000000070fc00000| Untracked 
|  93|0x000000070fe00000, 0x000000070fe00000, 0x0000000710000000|  0%| F|  |TAMS 0x000000070fe00000| PB 0x000000070fe00000| Untracked 
|  94|0x0000000710000000, 0x0000000710000000, 0x0000000710200000|  0%| F|  |TAMS 0x0000000710000000| PB 0x0000000710000000| Untracked 
|  95|0x0000000710200000, 0x0000000710200000, 0x0000000710400000|  0%| F|  |TAMS 0x0000000710200000| PB 0x0000000710200000| Untracked 
|  96|0x0000000710400000, 0x0000000710400000, 0x0000000710600000|  0%| F|  |TAMS 0x0000000710400000| PB 0x0000000710400000| Untracked 
|  97|0x0000000710600000, 0x0000000710600000, 0x0000000710800000|  0%| F|  |TAMS 0x0000000710600000| PB 0x0000000710600000| Untracked 
|  98|0x0000000710800000, 0x0000000710800000, 0x0000000710a00000|  0%| F|  |TAMS 0x0000000710800000| PB 0x0000000710800000| Untracked 
|  99|0x0000000710a00000, 0x0000000710a00000, 0x0000000710c00000|  0%| F|  |TAMS 0x0000000710a00000| PB 0x0000000710a00000| Untracked 
| 100|0x0000000710c00000, 0x0000000710c00000, 0x0000000710e00000|  0%| F|  |TAMS 0x0000000710c00000| PB 0x0000000710c00000| Untracked 
| 101|0x0000000710e00000, 0x0000000710e00000, 0x0000000711000000|  0%| F|  |TAMS 0x0000000710e00000| PB 0x0000000710e00000| Untracked 
| 102|0x0000000711000000, 0x0000000711000000, 0x0000000711200000|  0%| F|  |TAMS 0x0000000711000000| PB 0x0000000711000000| Untracked 
| 103|0x0000000711200000, 0x0000000711200000, 0x0000000711400000|  0%| F|  |TAMS 0x0000000711200000| PB 0x0000000711200000| Untracked 
| 104|0x0000000711400000, 0x0000000711400000, 0x0000000711600000|  0%| F|  |TAMS 0x0000000711400000| PB 0x0000000711400000| Untracked 
| 105|0x0000000711600000, 0x0000000711600000, 0x0000000711800000|  0%| F|  |TAMS 0x0000000711600000| PB 0x0000000711600000| Untracked 
| 106|0x0000000711800000, 0x0000000711800000, 0x0000000711a00000|  0%| F|  |TAMS 0x0000000711800000| PB 0x0000000711800000| Untracked 
| 107|0x0000000711a00000, 0x0000000711a00000, 0x0000000711c00000|  0%| F|  |TAMS 0x0000000711a00000| PB 0x0000000711a00000| Untracked 
| 108|0x0000000711c00000, 0x0000000711c00000, 0x0000000711e00000|  0%| F|  |TAMS 0x0000000711c00000| PB 0x0000000711c00000| Untracked 
| 109|0x0000000711e00000, 0x0000000711e00000, 0x0000000712000000|  0%| F|  |TAMS 0x0000000711e00000| PB 0x0000000711e00000| Untracked 
| 110|0x0000000712000000, 0x00000007121e1d98, 0x0000000712200000| 94%| S|CS|TAMS 0x0000000712000000| PB 0x0000000712000000| Complete 
| 111|0x0000000712200000, 0x0000000712200000, 0x0000000712400000|  0%| F|  |TAMS 0x0000000712200000| PB 0x0000000712200000| Untracked 
| 112|0x0000000712400000, 0x0000000712400000, 0x0000000712600000|  0%| F|  |TAMS 0x0000000712400000| PB 0x0000000712400000| Untracked 
| 113|0x0000000712600000, 0x0000000712600000, 0x0000000712800000|  0%| F|  |TAMS 0x0000000712600000| PB 0x0000000712600000| Untracked 
| 114|0x0000000712800000, 0x0000000712800000, 0x0000000712a00000|  0%| F|  |TAMS 0x0000000712800000| PB 0x0000000712800000| Untracked 
| 115|0x0000000712a00000, 0x0000000712a00000, 0x0000000712c00000|  0%| F|  |TAMS 0x0000000712a00000| PB 0x0000000712a00000| Untracked 
| 116|0x0000000712c00000, 0x0000000712c1aed8, 0x0000000712e00000|  5%| E|  |TAMS 0x0000000712c00000| PB 0x0000000712c00000| Complete 
| 117|0x0000000712e00000, 0x0000000713000000, 0x0000000713000000|100%| E|CS|TAMS 0x0000000712e00000| PB 0x0000000712e00000| Complete 
| 118|0x0000000713000000, 0x0000000713200000, 0x0000000713200000|100%| E|CS|TAMS 0x0000000713000000| PB 0x0000000713000000| Complete 
| 119|0x0000000713200000, 0x0000000713400000, 0x0000000713400000|100%| E|CS|TAMS 0x0000000713200000| PB 0x0000000713200000| Complete 
| 120|0x0000000713400000, 0x0000000713600000, 0x0000000713600000|100%| E|CS|TAMS 0x0000000713400000| PB 0x0000000713400000| Complete 
| 121|0x0000000713600000, 0x0000000713800000, 0x0000000713800000|100%| E|CS|TAMS 0x0000000713600000| PB 0x0000000713600000| Complete 
| 122|0x0000000713800000, 0x0000000713a00000, 0x0000000713a00000|100%| E|CS|TAMS 0x0000000713800000| PB 0x0000000713800000| Complete 
| 123|0x0000000713a00000, 0x0000000713c00000, 0x0000000713c00000|100%| E|CS|TAMS 0x0000000713a00000| PB 0x0000000713a00000| Complete 
| 124|0x0000000713c00000, 0x0000000713e00000, 0x0000000713e00000|100%| E|CS|TAMS 0x0000000713c00000| PB 0x0000000713c00000| Complete 
| 125|0x0000000713e00000, 0x0000000714000000, 0x0000000714000000|100%| E|CS|TAMS 0x0000000713e00000| PB 0x0000000713e00000| Complete 

Card table byte_map: [0x000001be44660000,0x000001be44e40000] _byte_map_base: 0x000001be40e3e000

Marking Bits: (CMBitMap*) 0x000001be2c3bbef0
 Bits: [0x000001be45620000, 0x000001be49510000)

Polling page: 0x000001be2a240000

Metaspace:

Usage:
  Non-class:     14.02 MB used.
      Class:      1.92 MB used.
       Both:     15.95 MB used.

Virtual space:
  Non-class space:       64.00 MB reserved,      14.19 MB ( 22%) committed,  1 nodes.
      Class space:        1.00 GB reserved,       2.06 MB ( <1%) committed,  1 nodes.
             Both:        1.06 GB reserved,      16.25 MB (  1%) committed. 

Chunk freelists:
   Non-Class:  1.22 MB
       Class:  1.92 MB
        Both:  3.14 MB

MaxMetaspaceSize: unlimited
CompressedClassSpaceSize: 1.00 GB
Initial GC threshold: 21.00 MB
Current GC threshold: 21.00 MB
CDS: on
MetaspaceReclaimPolicy: balanced
 - commit_granule_bytes: 65536.
 - commit_granule_words: 8192.
 - virtual_space_node_default_size: 8388608.
 - enlarge_chunks_in_place: 1.
 - new_chunks_are_fully_committed: 0.
 - uncommit_free_chunks: 1.
 - use_allocation_guard: 0.


Internal statistics:

num_allocs_failed_limit: 0.
num_arena_births: 258.
num_arena_deaths: 0.
num_vsnodes_births: 2.
num_vsnodes_deaths: 0.
num_space_committed: 260.
num_space_uncommitted: 0.
num_chunks_returned_to_freelist: 0.
num_chunks_taken_from_freelist: 808.
num_chunk_merges: 0.
num_chunk_splits: 531.
num_chunks_enlarged: 379.
num_inconsistent_stats: 0.

CodeHeap 'non-profiled nmethods': size=119168Kb used=787Kb max_used=787Kb free=118381Kb
 bounds [0x000001be3bf70000, 0x000001be3c1e0000, 0x000001be433d0000]
CodeHeap 'profiled nmethods': size=119104Kb used=4399Kb max_used=4399Kb free=114705Kb
 bounds [0x000001be343d0000, 0x000001be34820000, 0x000001be3b820000]
CodeHeap 'non-nmethods': size=7488Kb used=3166Kb max_used=3183Kb free=4321Kb
 bounds [0x000001be3b820000, 0x000001be3bb40000, 0x000001be3bf70000]
 total_blobs=2785 nmethods=2278 adapters=414
 compilation: enabled
              stopped_count=0, restarted_count=0
 full_count=0

Compilation events (20 events):
Event: 0.971 Thread 0x000001be50871ba0 nmethod 2240 0x000001be34809f90 code [0x000001be3480a120, 0x000001be3480a2c0]
Event: 0.972 Thread 0x000001be50871ba0 2241       3       java.util.zip.ZipEntry::setExtra0 (493 bytes)
Event: 0.972 Thread 0x000001be50870560 2242       3       java.lang.Byte::toUnsignedInt (6 bytes)
Event: 0.972 Thread 0x000001be50871610 2243       3       java.util.zip.ZipUtils::unixTimeToFileTime (8 bytes)
Event: 0.972 Thread 0x000001be50870560 nmethod 2242 0x000001be3480a390 code [0x000001be3480a520, 0x000001be3480a618]
Event: 0.972 Thread 0x000001be50871610 nmethod 2243 0x000001be3480a690 code [0x000001be3480a820, 0x000001be3480a940]
Event: 0.972 Thread 0x000001be5086f4b0 2244       4       java.util.HashMap::get (19 bytes)
Event: 0.973 Thread 0x000001be50871ba0 nmethod 2241 0x000001be3480aa10 code [0x000001be3480ad80, 0x000001be3480c9c0]
Event: 0.973 Thread 0x000001be50850c10 2245       4       java.lang.StringUTF16::compress (20 bytes)
Event: 0.974 Thread 0x000001be50871610 2246       3       java.lang.Short::<init> (10 bytes)
Event: 0.974 Thread 0x000001be50850c10 nmethod 2245 0x000001be3c02f610 code [0x000001be3c02f780, 0x000001be3c02f9c0]
Event: 0.974 Thread 0x000001be50871610 nmethod 2246 0x000001be3480d310 code [0x000001be3480d4a0, 0x000001be3480d670]
Event: 0.975 Thread 0x000001be5086f4b0 nmethod 2244 0x000001be3c02fa90 code [0x000001be3c02fc20, 0x000001be3c02ff08]
Event: 0.975 Thread 0x000001be50850c10 2247       4       java.lang.StringConcatHelper::newString (67 bytes)
Event: 0.976 Thread 0x000001be50850c10 nmethod 2247 0x000001be3c030190 code [0x000001be3c030300, 0x000001be3c030470]
Event: 0.982 Thread 0x000001be5086f4b0 2248       4       java.util.jar.JarFile::maybeInstantiateVerifier (42 bytes)
Event: 0.983 Thread 0x000001be5086f4b0 nmethod 2248 0x000001be3c030590 code [0x000001be3c030700, 0x000001be3c030800]
Event: 0.984 Thread 0x000001be50871610 2249       3       java.lang.NamedPackage::<init> (59 bytes)
Event: 0.984 Thread 0x000001be50871610 nmethod 2249 0x000001be3480d790 code [0x000001be3480da00, 0x000001be3480e428]
Event: 0.985 Thread 0x000001be50850c10 2250       4       jdk.internal.org.objectweb.asm.SymbolTable::addConstantUtf8Reference (101 bytes)

GC Heap History (4 events):
Event: 0.449 GC heap before
{Heap before GC invocations=0 (full 0):
 garbage-first heap   total 258048K, used 20480K [0x0000000704400000, 0x0000000800000000)
  region size 2048K, 11 young (22528K), 0 survivors (0K)
 Metaspace       used 4876K, committed 5056K, reserved 1114112K
  class space    used 535K, committed 576K, reserved 1048576K
}
Event: 0.453 GC heap after
{Heap after GC invocations=1 (full 0):
 garbage-first heap   total 258048K, used 6284K [0x0000000704400000, 0x0000000800000000)
  region size 2048K, 2 young (4096K), 2 survivors (4096K)
 Metaspace       used 4876K, committed 5056K, reserved 1114112K
  class space    used 535K, committed 576K, reserved 1048576K
}
Event: 0.867 GC heap before
{Heap before GC invocations=1 (full 0):
 garbage-first heap   total 258048K, used 30860K [0x0000000704400000, 0x0000000800000000)
  region size 2048K, 15 young (30720K), 2 survivors (4096K)
 Metaspace       used 12002K, committed 12288K, reserved 1114112K
  class space    used 1429K, committed 1600K, reserved 1048576K
}
Event: 0.869 GC heap after
{Heap after GC invocations=2 (full 0):
 garbage-first heap   total 258048K, used 8454K [0x0000000704400000, 0x0000000800000000)
  region size 2048K, 1 young (2048K), 1 survivors (2048K)
 Metaspace       used 12002K, committed 12288K, reserved 1114112K
  class space    used 1429K, committed 1600K, reserved 1048576K
}

Dll operation events (12 events):
Event: 0.005 Loaded shared library C:\Program Files\Java\jdk-20\bin\java.dll
Event: 0.010 Loaded shared library C:\Program Files\Java\jdk-20\bin\jsvml.dll
Event: 0.075 Loaded shared library C:\Program Files\Java\jdk-20\bin\zip.dll
Event: 0.076 Loaded shared library C:\Program Files\Java\jdk-20\bin\instrument.dll
Event: 0.081 Loaded shared library C:\Program Files\Java\jdk-20\bin\net.dll
Event: 0.082 Loaded shared library C:\Program Files\Java\jdk-20\bin\nio.dll
Event: 0.085 Loaded shared library C:\Program Files\Java\jdk-20\bin\zip.dll
Event: 0.154 Loaded shared library C:\Program Files\JetBrains\IntelliJ IDEA Community Edition 2023.1.2\bin\breakgen64.dll
Event: 0.161 Loaded shared library C:\Program Files\Java\jdk-20\bin\extnet.dll
Event: 0.189 Loaded shared library C:\Program Files\Java\jdk-20\bin\jimage.dll
Event: 0.406 Loaded shared library C:\Program Files\Java\jdk-20\bin\management.dll
Event: 0.408 Loaded shared library C:\Program Files\Java\jdk-20\bin\management_ext.dll

Deoptimization events (20 events):
Event: 0.833 Thread 0x000001be51b83890 Uncommon trap: trap_request=0xffffffde fr.pc=0x000001be3c0166a0 relative=0x0000000000000120
Event: 0.833 Thread 0x000001be51b83890 Uncommon trap: reason=class_check action=maybe_recompile pc=0x000001be3c0166a0 method=jdk.internal.misc.Unsafe.allocateUninitializedArray(Ljava/lang/Class;I)Ljava/lang/Object; @ 51 c2
Event: 0.833 Thread 0x000001be51b83890 DEOPT PACKING pc=0x000001be3c0166a0 sp=0x00000034d11fdc60
Event: 0.833 Thread 0x000001be51b83890 DEOPT UNPACKING pc=0x000001be3b889d22 sp=0x00000034d11fdbd8 mode 2
Event: 0.834 Thread 0x000001be51b83890 Uncommon trap: trap_request=0xffffffde fr.pc=0x000001be3c0166a0 relative=0x0000000000000120
Event: 0.834 Thread 0x000001be51b83890 Uncommon trap: reason=class_check action=maybe_recompile pc=0x000001be3c0166a0 method=jdk.internal.misc.Unsafe.allocateUninitializedArray(Ljava/lang/Class;I)Ljava/lang/Object; @ 51 c2
Event: 0.834 Thread 0x000001be51b83890 DEOPT PACKING pc=0x000001be3c0166a0 sp=0x00000034d11fe970
Event: 0.834 Thread 0x000001be51b83890 DEOPT UNPACKING pc=0x000001be3b889d22 sp=0x00000034d11fe8e8 mode 2
Event: 0.852 Thread 0x000001be51b98ef0 Uncommon trap: trap_request=0xffffff45 fr.pc=0x000001be3bfe68fc relative=0x0000000000000bdc
Event: 0.852 Thread 0x000001be51b98ef0 Uncommon trap: reason=unstable_if action=reinterpret pc=0x000001be3bfe68fc method=java.util.concurrent.ConcurrentHashMap.putVal(Ljava/lang/Object;Ljava/lang/Object;Z)Ljava/lang/Object; @ 112 c2
Event: 0.852 Thread 0x000001be51b98ef0 DEOPT PACKING pc=0x000001be3bfe68fc sp=0x00000034d12f9820
Event: 0.852 Thread 0x000001be51b98ef0 DEOPT UNPACKING pc=0x000001be3b889d22 sp=0x00000034d12f97a0 mode 2
Event: 0.852 Thread 0x000001be51b98ef0 Uncommon trap: trap_request=0xffffff45 fr.pc=0x000001be3bfe52bc relative=0x000000000000019c
Event: 0.852 Thread 0x000001be51b98ef0 Uncommon trap: reason=unstable_if action=reinterpret pc=0x000001be3bfe52bc method=java.util.concurrent.ConcurrentHashMap.addCount(JI)V @ 171 c2
Event: 0.852 Thread 0x000001be51b98ef0 DEOPT PACKING pc=0x000001be3bfe52bc sp=0x00000034d12f9780
Event: 0.852 Thread 0x000001be51b98ef0 DEOPT UNPACKING pc=0x000001be3b889d22 sp=0x00000034d12f96e0 mode 2
Event: 0.918 Thread 0x000001be51b83890 Uncommon trap: trap_request=0xffffff45 fr.pc=0x000001be3bfd9864 relative=0x00000000000002e4
Event: 0.918 Thread 0x000001be51b83890 Uncommon trap: reason=unstable_if action=reinterpret pc=0x000001be3bfd9864 method=jdk.internal.org.objectweb.asm.SymbolTable.put(Ljdk/internal/org/objectweb/asm/SymbolTable$Entry;)Ljdk/internal/org/objectweb/asm/SymbolTable$Entry; @ 13 c2
Event: 0.918 Thread 0x000001be51b83890 DEOPT PACKING pc=0x000001be3bfd9864 sp=0x00000034d11fd400
Event: 0.918 Thread 0x000001be51b83890 DEOPT UNPACKING pc=0x000001be3b889d22 sp=0x00000034d11fd380 mode 2

Classes loaded (20 events):
Event: 0.890 Loading class java/time/ZonedDateTime$1
Event: 0.890 Loading class java/time/ZonedDateTime$1 done
Event: 0.896 Loading class sun/text/resources/cldr/FormatData_en
Event: 0.897 Loading class sun/text/resources/cldr/FormatData_en done
Event: 0.897 Loading class sun/text/resources/cldr/FormatData_en_US
Event: 0.897 Loading class sun/text/resources/cldr/FormatData_en_US done
Event: 0.899 Loading class org/xml/sax/ErrorHandler
Event: 0.899 Loading class org/xml/sax/ErrorHandler done
Event: 0.899 Loading class org/xml/sax/SAXParseException
Event: 0.899 Loading class org/xml/sax/SAXParseException done
Event: 0.904 Loading class java/io/CharConversionException
Event: 0.904 Loading class java/io/CharConversionException done
Event: 0.905 Loading class java/io/CharArrayReader
Event: 0.905 Loading class java/io/CharArrayReader done
Event: 0.915 Loading class java/lang/annotation/Repeatable
Event: 0.916 Loading class java/lang/annotation/Repeatable done
Event: 0.974 Loading class java/lang/Byte$ByteCache
Event: 0.974 Loading class java/lang/Byte$ByteCache done
Event: 0.974 Loading class java/lang/Short$ShortCache
Event: 0.974 Loading class java/lang/Short$ShortCache done

Classes unloaded (0 events):
No events

Classes redefined (0 events):
No events

Internal exceptions (20 events):
Event: 0.633 Thread 0x000001be51b83890 Exception <a 'java/lang/NoSuchMethodError'{0x00000007137d1390}: 'java.lang.Object java.lang.invoke.DirectMethodHandle$Holder.invokeSpecial(java.lang.Object, java.lang.Object, java.lang.Object, java.lang.Object, java.lang.Object, java.lang.Object, java.lang.Object, int)'> (0x00000007137d1390) 
thrown [s\open\src\hotspot\share\interpreter\linkResolver.cpp, line 773]
Event: 0.657 Thread 0x000001be51b83890 Exception <a 'java/lang/NoSuchMethodError'{0x0000000713533108}: 'int java.lang.invoke.DirectMethodHandle$Holder.invokeInterface(java.lang.Object, java.lang.Object)'> (0x0000000713533108) 
thrown [s\open\src\hotspot\share\interpreter\linkResolver.cpp, line 773]
Event: 0.675 Thread 0x000001be51b83890 Exception <a 'java/lang/NoSuchMethodError'{0x00000007135ef9e8}: 'void java.lang.invoke.DirectMethodHandle$Holder.invokeSpecial(java.lang.Object, java.lang.Object, java.lang.Object, java.lang.Object, java.lang.Object)'> (0x00000007135ef9e8) 
thrown [s\open\src\hotspot\share\interpreter\linkResolver.cpp, line 773]
Event: 0.713 Thread 0x000001be51b83890 Exception <a 'java/lang/NoSuchMethodError'{0x00000007133e2838}: 'void java.lang.invoke.DirectMethodHandle$Holder.invokeSpecial(java.lang.Object, java.lang.Object, java.lang.Object, java.lang.Object, java.lang.Object, java.lang.Object)'> (0x00000007133e2838) 
thrown [s\open\src\hotspot\share\interpreter\linkResolver.cpp, line 773]
Event: 0.727 Thread 0x000001be51b83890 Exception <a 'java/lang/NoSuchMethodError'{0x0000000713080258}: 'java.lang.Object java.lang.invoke.DirectMethodHandle$Holder.invokeSpecial(java.lang.Object, java.lang.Object, java.lang.Object, int, java.lang.Object)'> (0x0000000713080258) 
thrown [s\open\src\hotspot\share\interpreter\linkResolver.cpp, line 773]
Event: 0.727 Thread 0x000001be51b83890 Exception <a 'java/lang/NoSuchMethodError'{0x0000000713088860}: 'java.lang.Object java.lang.invoke.DirectMethodHandle$Holder.newInvokeSpecial(java.lang.Object, java.lang.Object, java.lang.Object, int, java.lang.Object)'> (0x0000000713088860) 
thrown [s\open\src\hotspot\share\interpreter\linkResolver.cpp, line 773]
Event: 0.727 Thread 0x000001be51b83890 Exception <a 'java/lang/NoSuchMethodError'{0x000000071308fd18}: 'java.lang.Object java.lang.invoke.Invokers$Holder.linkToTargetMethod(java.lang.Object, java.lang.Object, int, java.lang.Object, java.lang.Object)'> (0x000000071308fd18) 
thrown [s\open\src\hotspot\share\interpreter\linkResolver.cpp, line 773]
Event: 0.728 Thread 0x000001be51b83890 Exception <a 'java/lang/NoSuchMethodError'{0x000000071309ea00}: 'java.lang.Object java.lang.invoke.DirectMethodHandle$Holder.newInvokeSpecial(java.lang.Object, int, java.lang.Object)'> (0x000000071309ea00) 
thrown [s\open\src\hotspot\share\interpreter\linkResolver.cpp, line 773]
Event: 0.728 Thread 0x000001be51b83890 Exception <a 'java/lang/NoSuchMethodError'{0x00000007130a3610}: 'int java.lang.invoke.DirectMethodHandle$Holder.invokeSpecialIFC(java.lang.Object, java.lang.Object, java.lang.Object, java.lang.Object)'> (0x00000007130a3610) 
thrown [s\open\src\hotspot\share\interpreter\linkResolver.cpp, line 773]
Event: 0.742 Thread 0x000001be51b83890 Exception <a 'java/lang/NoSuchMethodError'{0x0000000713168b98}: 'void java.lang.invoke.DirectMethodHandle$Holder.invokeInterface(java.lang.Object, java.lang.Object, java.lang.Object)'> (0x0000000713168b98) 
thrown [s\open\src\hotspot\share\interpreter\linkResolver.cpp, line 773]
Event: 0.759 Thread 0x000001be51b83890 Exception <a 'java/lang/NoSuchMethodError'{0x0000000712e1e400}: 'void java.lang.invoke.DirectMethodHandle$Holder.invokeStaticInit(java.lang.Object, java.lang.Object, java.lang.Object)'> (0x0000000712e1e400) 
thrown [s\open\src\hotspot\share\interpreter\linkResolver.cpp, line 773]
Event: 0.764 Thread 0x000001be51b83890 Exception <a 'java/lang/NoSuchMethodError'{0x0000000712e62fb0}: 'java.lang.Object java.lang.invoke.DirectMethodHandle$Holder.invokeStatic(java.lang.Object, long, java.lang.Object)'> (0x0000000712e62fb0) 
thrown [s\open\src\hotspot\share\interpreter\linkResolver.cpp, line 773]
Event: 0.764 Thread 0x000001be51b83890 Exception <a 'java/lang/NoSuchMethodError'{0x0000000712e66860}: 'java.lang.Object java.lang.invoke.DirectMethodHandle$Holder.invokeStaticInit(java.lang.Object, long, java.lang.Object)'> (0x0000000712e66860) 
thrown [s\open\src\hotspot\share\interpreter\linkResolver.cpp, line 773]
Event: 0.764 Thread 0x000001be51b83890 Exception <a 'java/lang/NoSuchMethodError'{0x0000000712e6c588}: 'java.lang.Object java.lang.invoke.DirectMethodHandle$Holder.newInvokeSpecial(java.lang.Object, long)'> (0x0000000712e6c588) 
thrown [s\open\src\hotspot\share\interpreter\linkResolver.cpp, line 773]
Event: 0.778 Thread 0x000001be51b83890 Exception <a 'java/lang/NoSuchMethodError'{0x0000000712ed45b0}: 'void java.lang.invoke.DirectMethodHandle$Holder.invokeVirtual(java.lang.Object, java.lang.Object, java.lang.Object, java.lang.Object)'> (0x0000000712ed45b0) 
thrown [s\open\src\hotspot\share\interpreter\linkResolver.cpp, line 773]
Event: 0.814 Thread 0x000001be51b83890 Exception <a 'java/lang/IncompatibleClassChangeError'{0x0000000712c795f8}: Found class java.lang.Object, but interface was expected> (0x0000000712c795f8) 
thrown [s\open\src\hotspot\share\interpreter\linkResolver.cpp, line 840]
Event: 0.815 Thread 0x000001be51b98ef0 Exception <a 'java/lang/NoClassDefFoundError'{0x0000000712c68830}: jakarta/validation/Validation> (0x0000000712c68830) 
thrown [s\open\src\hotspot\share\classfile\systemDictionary.cpp, line 294]
Event: 0.819 Thread 0x000001be51b83890 Exception <a 'java/lang/NoSuchMethodError'{0x0000000712caad10}: 'java.lang.Object java.lang.invoke.DirectMethodHandle$Holder.invokeStaticInit(java.lang.Object, int)'> (0x0000000712caad10) 
thrown [s\open\src\hotspot\share\interpreter\linkResolver.cpp, line 773]
Event: 0.821 Thread 0x000001be51b83890 Exception <a 'java/lang/NoSuchMethodError'{0x0000000712cb5d60}: 'java.lang.Object java.lang.invoke.DirectMethodHandle$Holder.invokeStatic(java.lang.Object, int, java.lang.Object)'> (0x0000000712cb5d60) 
thrown [s\open\src\hotspot\share\interpreter\linkResolver.cpp, line 773]
Event: 0.821 Thread 0x000001be51b83890 Exception <a 'java/lang/NoSuchMethodError'{0x0000000712cb93b0}: 'java.lang.Object java.lang.invoke.DirectMethodHandle$Holder.invokeStaticInit(java.lang.Object, int, java.lang.Object)'> (0x0000000712cb93b0) 
thrown [s\open\src\hotspot\share\interpreter\linkResolver.cpp, line 773]

VM Operations (20 events):
Event: 0.449 Executing VM operation: G1CollectForAllocation
Event: 0.453 Executing VM operation: G1CollectForAllocation done
Event: 0.527 Executing VM operation: HandshakeAllThreads
Event: 0.527 Executing VM operation: HandshakeAllThreads done
Event: 0.668 Executing VM operation: HandshakeAllThreads
Event: 0.668 Executing VM operation: HandshakeAllThreads done
Event: 0.732 Executing VM operation: ICBufferFull
Event: 0.732 Executing VM operation: ICBufferFull done
Event: 0.803 Executing VM operation: HandshakeAllThreads
Event: 0.803 Executing VM operation: HandshakeAllThreads done
Event: 0.806 Executing VM operation: HandshakeAllThreads
Event: 0.806 Executing VM operation: HandshakeAllThreads done
Event: 0.806 Executing VM operation: HandshakeAllThreads
Event: 0.806 Executing VM operation: HandshakeAllThreads done
Event: 0.866 Executing VM operation: G1CollectForAllocation
Event: 0.869 Executing VM operation: G1CollectForAllocation done
Event: 0.891 Executing VM operation: HandshakeAllThreads
Event: 0.891 Executing VM operation: HandshakeAllThreads done
Event: 0.970 Executing VM operation: HandshakeAllThreads
Event: 0.970 Executing VM operation: HandshakeAllThreads done

Events (20 events):
Event: 0.011 Thread 0x000001be2c349510 Thread added: 0x000001be2c349510
Event: 0.018 Thread 0x000001be4bb398f0 Thread added: 0x000001be4bb398f0
Event: 0.018 Thread 0x000001be4bb3a6f0 Thread added: 0x000001be4bb3a6f0
Event: 0.018 Thread 0x000001be4bb3b880 Thread added: 0x000001be4bb3b880
Event: 0.018 Thread 0x000001be4bb3d790 Thread added: 0x000001be4bb3d790
Event: 0.018 Thread 0x000001be4bb3e480 Thread added: 0x000001be4bb3e480
Event: 0.018 Thread 0x000001be5084dff0 Thread added: 0x000001be5084dff0
Event: 0.018 Thread 0x000001be50850c10 Thread added: 0x000001be50850c10
Event: 0.018 Thread 0x000001be50871ba0 Thread added: 0x000001be50871ba0
Event: 0.060 Thread 0x000001be4bb0cdb0 Thread added: 0x000001be4bb0cdb0
Event: 0.065 Thread 0x000001be5086ef20 Thread added: 0x000001be5086ef20
Event: 0.066 Thread 0x000001be50871610 Thread added: 0x000001be50871610
Event: 0.093 Thread 0x000001be5086e990 Thread added: 0x000001be5086e990
Event: 0.155 Thread 0x000001be50b62970 Thread added: 0x000001be50b62970
Event: 0.155 Thread 0x000001be50aef670 Thread added: 0x000001be50aef670
Event: 0.466 Thread 0x000001be5138a050 Thread added: 0x000001be5138a050
Event: 0.469 Thread 0x000001be51b83890 Thread added: 0x000001be51b83890
Event: 0.812 Thread 0x000001be51b98ef0 Thread added: 0x000001be51b98ef0
Event: 0.889 Thread 0x000001be5086f4b0 Thread added: 0x000001be5086f4b0
Event: 0.890 Thread 0x000001be50870560 Thread added: 0x000001be50870560


Dynamic libraries:
0x00007ff6d9000000 - 0x00007ff6d9010000 	C:\Program Files\Java\jdk-20\bin\java.exe
0x00007ffbeb0f0000 - 0x00007ffbeb307000 	C:\WINDOWS\SYSTEM32\ntdll.dll
0x00007ffbe9990000 - 0x00007ffbe9a54000 	C:\WINDOWS\System32\KERNEL32.DLL
0x00007ffbe85a0000 - 0x00007ffbe8946000 	C:\WINDOWS\System32\KERNELBASE.dll
0x00007ffbe8aa0000 - 0x00007ffbe8bb1000 	C:\WINDOWS\System32\ucrtbase.dll
0x00007ffbc2680000 - 0x00007ffbc2699000 	C:\Program Files\Java\jdk-20\bin\jli.dll
0x00007ffbb7d30000 - 0x00007ffbb7d4b000 	C:\Program Files\Java\jdk-20\bin\VCRUNTIME140.dll
0x00007ffbe94e0000 - 0x00007ffbe9593000 	C:\WINDOWS\System32\ADVAPI32.dll
0x00007ffbeabc0000 - 0x00007ffbeac67000 	C:\WINDOWS\System32\msvcrt.dll
0x00007ffbe95a0000 - 0x00007ffbe9648000 	C:\WINDOWS\System32\sechost.dll
0x00007ffbe8bc0000 - 0x00007ffbe8be8000 	C:\WINDOWS\System32\bcrypt.dll
0x00007ffbe9c00000 - 0x00007ffbe9d17000 	C:\WINDOWS\System32\RPCRT4.dll
0x00007ffbe8eb0000 - 0x00007ffbe905e000 	C:\WINDOWS\System32\USER32.dll
0x00007ffbe8950000 - 0x00007ffbe8976000 	C:\WINDOWS\System32\win32u.dll
0x00007ffbe9960000 - 0x00007ffbe9989000 	C:\WINDOWS\System32\GDI32.dll
0x00007ffbe8980000 - 0x00007ffbe8a98000 	C:\WINDOWS\System32\gdi32full.dll
0x00007ffbc7ee0000 - 0x00007ffbc8173000 	C:\WINDOWS\WinSxS\amd64_microsoft.windows.common-controls_6595b64144ccf1df_6.0.22621.2506_none_270c5ae97388e100\COMCTL32.dll
0x00007ffbe8da0000 - 0x00007ffbe8e3a000 	C:\WINDOWS\System32\msvcp_win.dll
0x00007ffbd5af0000 - 0x00007ffbd5afa000 	C:\WINDOWS\SYSTEM32\VERSION.dll
0x00007ffbe9920000 - 0x00007ffbe9951000 	C:\WINDOWS\System32\IMM32.DLL
0x00007ffbc2630000 - 0x00007ffbc263c000 	C:\Program Files\Java\jdk-20\bin\vcruntime140_1.dll
0x00007ffbb7200000 - 0x00007ffbb728e000 	C:\Program Files\Java\jdk-20\bin\msvcp140.dll
0x00007ffb2d590000 - 0x00007ffb2e227000 	C:\Program Files\Java\jdk-20\bin\server\jvm.dll
0x00007ffbe0330000 - 0x00007ffbe0364000 	C:\WINDOWS\SYSTEM32\WINMM.dll
0x00007ffbdd9f0000 - 0x00007ffbdd9f9000 	C:\WINDOWS\SYSTEM32\WSOCK32.dll
0x00007ffbea9f0000 - 0x00007ffbeaa61000 	C:\WINDOWS\System32\WS2_32.dll
0x00007ffbe7440000 - 0x00007ffbe7458000 	C:\WINDOWS\SYSTEM32\kernel.appcore.dll
0x00007ffbb8710000 - 0x00007ffbb871a000 	C:\Program Files\Java\jdk-20\bin\jimage.dll
0x00007ffbe5d10000 - 0x00007ffbe5f43000 	C:\WINDOWS\SYSTEM32\DBGHELP.DLL
0x00007ffbeac90000 - 0x00007ffbeb019000 	C:\WINDOWS\System32\combase.dll
0x00007ffbeaad0000 - 0x00007ffbeaba7000 	C:\WINDOWS\System32\OLEAUT32.dll
0x00007ffbbeff0000 - 0x00007ffbbf022000 	C:\WINDOWS\SYSTEM32\dbgcore.DLL
0x00007ffbe8c60000 - 0x00007ffbe8cda000 	C:\WINDOWS\System32\bcryptPrimitives.dll
0x00007ffbe2360000 - 0x00007ffbe236e000 	C:\Program Files\Java\jdk-20\bin\instrument.dll
0x00007ffbb7d00000 - 0x00007ffbb7d26000 	C:\Program Files\Java\jdk-20\bin\java.dll
0x00007ffbb7120000 - 0x00007ffbb71f7000 	C:\Program Files\Java\jdk-20\bin\jsvml.dll
0x00007ffbea190000 - 0x00007ffbea9eb000 	C:\WINDOWS\System32\SHELL32.dll
0x00007ffbe6340000 - 0x00007ffbe6c36000 	C:\WINDOWS\SYSTEM32\windows.storage.dll
0x00007ffbe6200000 - 0x00007ffbe633e000 	C:\WINDOWS\SYSTEM32\wintypes.dll
0x00007ffbe9650000 - 0x00007ffbe9743000 	C:\WINDOWS\System32\SHCORE.dll
0x00007ffbeaa70000 - 0x00007ffbeaace000 	C:\WINDOWS\System32\shlwapi.dll
0x00007ffbe8360000 - 0x00007ffbe8386000 	C:\WINDOWS\SYSTEM32\profapi.dll
0x00007ffbb70c0000 - 0x00007ffbb70d8000 	C:\Program Files\Java\jdk-20\bin\zip.dll
0x00007ffbb7100000 - 0x00007ffbb7113000 	C:\Program Files\Java\jdk-20\bin\net.dll
0x00007ffbdea90000 - 0x00007ffbdebc7000 	C:\WINDOWS\SYSTEM32\WINHTTP.dll
0x00007ffbe78d0000 - 0x00007ffbe7939000 	C:\WINDOWS\system32\mswsock.dll
0x00007ffbb70e0000 - 0x00007ffbb70f6000 	C:\Program Files\Java\jdk-20\bin\nio.dll
0x00007ffbe0100000 - 0x00007ffbe011a000 	C:\Program Files\JetBrains\IntelliJ IDEA Community Edition 2023.1.2\bin\breakgen64.dll
0x00007ffbb70b0000 - 0x00007ffbb70b7000 	C:\Program Files\Java\jdk-20\bin\extnet.dll
0x00007ffbd6630000 - 0x00007ffbd663a000 	C:\Program Files\Java\jdk-20\bin\management.dll
0x00007ffbd64e0000 - 0x00007ffbd64eb000 	C:\Program Files\Java\jdk-20\bin\management_ext.dll
0x00007ffbe9910000 - 0x00007ffbe9918000 	C:\WINDOWS\System32\PSAPI.DLL

dbghelp: loaded successfully - version: 4.0.5 - missing functions: none
symbol engine: initialized successfully - sym options: 0x614 - pdb path: .;C:\Program Files\Java\jdk-20\bin;C:\WINDOWS\SYSTEM32;C:\WINDOWS\WinSxS\amd64_microsoft.windows.common-controls_6595b64144ccf1df_6.0.22621.2506_none_270c5ae97388e100;C:\Program Files\Java\jdk-20\bin\server;C:\Program Files\JetBrains\IntelliJ IDEA Community Edition 2023.1.2\bin

VM Arguments:
jvm_args: -javaagent:C:\Program Files\JetBrains\IntelliJ IDEA Community Edition 2023.1.2\lib\idea_rt.jar=5259:C:\Program Files\JetBrains\IntelliJ IDEA Community Edition 2023.1.2\bin -Dfile.encoding=UTF-8 -Dsun.stdout.encoding=UTF-8 -Dsun.stderr.encoding=UTF-8 
java_command: SpringDB.ExampleApplication
java_class_path (initial): D:\Geek Brains 2022\Spring \LecturesAndSeminars\Seminar_05\SpringDB\target\classes;C:\Users\pakho\.m2\repository\org\springframework\boot\spring-boot-starter-data-jpa\3.2.2\spring-boot-starter-data-jpa-3.2.2.jar;C:\Users\pakho\.m2\repository\org\springframework\boot\spring-boot-starter-aop\3.2.2\spring-boot-starter-aop-3.2.2.jar;C:\Users\pakho\.m2\repository\org\springframework\spring-aop\6.1.3\spring-aop-6.1.3.jar;C:\Users\pakho\.m2\repository\org\aspectj\aspectjweaver\1.9.21\aspectjweaver-1.9.21.jar;C:\Users\pakho\.m2\repository\org\springframework\boot\spring-boot-starter-jdbc\3.2.2\spring-boot-starter-jdbc-3.2.2.jar;C:\Users\pakho\.m2\repository\com\zaxxer\HikariCP\5.0.1\HikariCP-5.0.1.jar;C:\Users\pakho\.m2\repository\org\springframework\spring-jdbc\6.1.3\spring-jdbc-6.1.3.jar;C:\Users\pakho\.m2\repository\org\hibernate\orm\hibernate-core\6.4.1.Final\hibernate-core-6.4.1.Final.jar;C:\Users\pakho\.m2\repository\jakarta\persistence\jakarta.persistence-api\3.1.0\jakarta.persistence-api-3.1.0.jar;C:\Users\pakho\.m2\repository\jakarta\transaction\jakarta.transaction-api\2.0.1\jakarta.transaction-api-2.0.1.jar;C:\Users\pakho\.m2\repository\org\jboss\logging\jboss-logging\3.5.3.Final\jboss-logging-3.5.3.Final.jar;C:\Users\pakho\.m2\repository\org\hibernate\common\hibernate-commons-annotations\6.0.6.Final\hibernate-commons-annotations-6.0.6.Final.jar;C:\Users\pakho\.m2\repository\io\smallrye\jandex\3.1.2\jandex-3.1.2.jar;C:\Users\pakho\.m2\repository\com\fasterxml\classmate\1.6.0\classmate-1.6.0.jar;C:\Users\pakho\.m2\repository\net\bytebuddy\byte-buddy\1.14.11\byte-buddy-1.14.11.jar;C:\Users\pakho\.m2\repository\org\glassfish\jaxb\jaxb-runtime\4.0.4\jaxb-runtime-4.0.4.jar;C:\Users\pakho\.m2\repository\org\glassfish\jaxb\jaxb-core\4.0.4\jaxb-core-4.0.4.jar;C:\Users\pakho\.m2\repository\org\eclipse\angus\angus-activation\2.0.1\angus-activation-2.0.1.jar;C:\Users\pakho\.m2\repository\org\glassfish\jaxb\txw2\4.0.4\txw2-4.0.4.jar;C:\Users\pakho\.m2\repository\com\sun\istack\istack-commons-runtime\4.1.2\istack-commons-runtime-4.1.2.jar;C:\Users\pakho\.m2\repository\jakarta\inject\jakarta.inject-api\2.0.1\jakarta.inject-api-2.0.1.jar;C:\Users\pakho\.m2\repository\org\antlr\antlr4-runtime\4.13.0\antlr4-runtime-4.13.0.jar;C:\Users\pakho\.m2\repository\org\springframework\data\spring-data-jpa\3.2.2\spring-data-jpa-3.2.2.jar;C:\Users\pakho\.m2\repository\org\springframework\data\spring-data-commons\3.2.2\spring-data-commons-3.2.2.jar;C:\Users\pakho\.m2\repository\org\springframework\spring-orm\6.1.3\spring-orm-6.1.3.jar;C:\Users\pakho\.m2\repository\org\springframework\spring-context\6.1.3\spring-context-6.1.3.jar;C:\Users\pakho\.m2\repository\org\springframework\spring-tx\6.1.3\spring-tx-6.1.3.jar;C:\Users\pakho\.m2\repository\org\springframework\spring-beans\6.1.3\spring-beans-6.1.3.jar;C:\Users\pakho\.m2\repository\jakarta\annotation\jakarta.annotation-api\2.1.1\jakarta.annotation-api-2.1.1.jar;C:\Users\pakho\.m2\repository\org\springframework\spring-aspects\6.1.3\spring-aspects-6.1.3.jar;C:\Users\pakho\.m2\repository\org\springframework\boot\spring-boot-starter-actuator\3.2.2\spring-boot-starter-actuator-3.2.2.jar;C:\Users\pakho\.m2\repository\org\springframework\boot\spring-boot-starter\3.2.2\spring-boot-starter-3.2.2.jar;C:\Users\pakho\.m2\repository\org\springframework\boot\spring-boot-starter-logging\3.2.2\spring-boot-starter-logging-3.2.2.jar;C:\Users\pakho\.m2\repository\ch\qos\logback\logback-classic\1.4.14\logback-classic-1.4.14.jar;C:\Users\pakho\.m2\repository\ch\qos\logback\logback-core\1.4.14\logback-core-1.4.14.jar;C:\Users\pakho\.m2\repository\org\apache\logging\log4j\log4j-to-slf4j\2.21.1\log4j-to-slf4j-2.21.1.jar;C:\Users\pakho\.m2\repository\org\apache\logging\log4j\log4j-api\2.21.1\log4j-api-2.21.1.jar;C:\Users\pakho\.m2\repository\org\slf4j\jul-to-slf4j\2.0.11\jul-to-slf4j-2.0.11.jar;C:\Users\pakho\.m2\repository\org\yaml\snakeyaml\2.2\snakeyaml-2.2.jar;C:\Users\pakho\.m2\repository\org\springframework\boot\spring-boot-actuator-autoconfigure\3.2.2\spring-boot-actuator-autoconfigure-3.2.2.jar;C:\Users\pakho\.m2\repository\org\springframework\boot\spring-boot-actuator\3.2.2\spring-boot-actuator-3.2.2.jar;C:\Users\pakho\.m2\repository\com\fasterxml\jackson\core\jackson-databind\2.15.3\jackson-databind-2.15.3.jar;C:\Users\pakho\.m2\repository\com\fasterxml\jackson\core\jackson-annotations\2.15.3\jackson-annotations-2.15.3.jar;C:\Users\pakho\.m2\repository\com\fasterxml\jackson\core\jackson-core\2.15.3\jackson-core-2.15.3.jar;C:\Users\pakho\.m2\repository\com\fasterxml\jackson\datatype\jackson-datatype-jsr310\2.15.3\jackson-datatype-jsr310-2.15.3.jar;C:\Users\pakho\.m2\repository\io\micrometer\micrometer-observation\1.12.2\micrometer-observation-1.12.2.jar;C:\Users\pakho\.m2\repository\io\micrometer\micrometer-commons\1.12.2\micrometer-commons-1.12.2.jar;C:\Users\pakho\.m2\repository\io\micrometer\micrometer-jakarta9\1.12.2\micrometer-jakarta9-1.12.2.jar;C:\Users\pakho\.m2\repository\io\micrometer\micrometer-core\1.12.2\micrometer-core-1.12.2.jar;C:\Users\pakho\.m2\repository\org\hdrhistogram\HdrHistogram\2.1.12\HdrHistogram-2.1.12.jar;C:\Users\pakho\.m2\repository\org\latencyutils\LatencyUtils\2.0.3\LatencyUtils-2.0.3.jar;C:\Users\pakho\.m2\repository\org\postgresql\postgresql\42.6.0\postgresql-42.6.0.jar;C:\Users\pakho\.m2\repository\org\checkerframework\checker-qual\3.31.0\checker-qual-3.31.0.jar;C:\Users\pakho\.m2\repository\io\micrometer\micrometer-tracing-bridge-brave\1.2.2\micrometer-tracing-bridge-brave-1.2.2.jar;C:\Users\pakho\.m2\repository\io\micrometer\micrometer-tracing\1.2.2\micrometer-tracing-1.2.2.jar;C:\Users\pakho\.m2\repository\io\micrometer\context-propagation\1.1.0\context-propagation-1.1.0.jar;C:\Users\pakho\.m2\repository\aopalliance\aopalliance\1.0\aopalliance-1.0.jar;C:\Users\pakho\.m2\repository\org\slf4j\slf4j-api\2.0.11\slf4j-api-2.0.11.jar;C:\Users\pakho\.m2\repository\io\zipkin\brave\brave\5.16.0\brave-5.16.0.jar;C:\Users\pakho\.m2\repository\io\zipkin\brave\brave-context-slf4j\5.16.0\brave-context-slf4j-5.16.0.jar;C:\Users\pakho\.m2\repository\io\zipkin\brave\brave-instrumentation-http\5.16.0\brave-instrumentation-http-5.16.0.jar;C:\Users\pakho\.m2\repository\io\zipkin\aws\brave-propagation-aws\0.23.5\brave-propagation-aws-0.23.5.jar;C:\Users\pakho\.m2\repository\org\springframework\boot\spring-boot-starter-thymeleaf\3.2.2\spring-boot-starter-thymeleaf-3.2.2.jar;C:\Users\pakho\.m2\repository\org\thymeleaf\thymeleaf-spring6\3.1.2.RELEASE\thymeleaf-spring6-3.1.2.RELEASE.jar;C:\Users\pakho\.m2\repository\org\thymeleaf\thymeleaf\3.1.2.RELEASE\thymeleaf-3.1.2.RELEASE.jar;C:\Users\pakho\.m2\repository\org\attoparser\attoparser\2.0.7.RELEASE\attoparser-2.0.7.RELEASE.jar;C:\Users\pakho\.m2\repository\org\unbescape\unbescape\1.1.6.RELEASE\unbescape-1.1.6.RELEASE.jar;C:\Users\pakho\.m2\repository\org\springframework\boot\spring-boot-starter-web\3.2.2\spring-boot-starter-web-3.2.2.jar;C:\Users\pakho\.m2\repository\org\springframework\boot\spring-boot-starter-json\3.2.2\spring-boot-starter-json-3.2.2.jar;C:\Users\pakho\.m2\repository\com\fasterxml\jackson\datatype\jackson-datatype-jdk8\2.15.3\jackson-datatype-jdk8-2.15.3.jar;C:\Users\pakho\.m2\repository\com\fasterxml\jackson\module\jackson-module-parameter-names\2.15.3\jackson-module-parameter-names-2.15.3.jar;C:\Users\pakho\.m2\repository\org\springframework\boot\spring-boot-starter-tomcat\3.2.2\spring-boot-starter-tomcat-3.2.2.jar;C:\Users\pakho\.m2\repository\org\apache\tomcat\embed\tomcat-embed-core\10.1.18\tomcat-embed-core-10.1.18.jar;C:\Users\pakho\.m2\repository\org\apache\tomcat\embed\tomcat-embed-el\10.1.18\tomcat-embed-el-10.1.18.jar;C:\Users\pakho\.m2\repository\org\apache\tomcat\embed\tomcat-embed-websocket\10.1.18\tomcat-embed-websocket-10.1.18.jar;C:\Users\pakho\.m2\repository\org\springframework\spring-web\6.1.3\spring-web-6.1.3.jar;C:\Users\pakho\.m2\repository\org\springframework\spring-webmvc\6.1.3\spring-webmvc-6.1.3.jar;C:\Users\pakho\.m2\repository\org\springframework\spring-expression\6.1.3\spring-expression-6.1.3.jar;C:\Users\pakho\.m2\repository\org\springframework\boot\spring-boot-devtools\3.2.2\spring-boot-devtools-3.2.2.jar;C:\Users\pakho\.m2\repository\org\springframework\boot\spring-boot\3.2.2\spring-boot-3.2.2.jar;C:\Users\pakho\.m2\repository\org\springframework\boot\spring-boot-autoconfigure\3.2.2\spring-boot-autoconfigure-3.2.2.jar;C:\Users\pakho\.m2\repository\jakarta\xml\bind\jakarta.xml.bind-api\4.0.1\jakarta.xml.bind-api-4.0.1.jar;C:\Users\pakho\.m2\repository\jakarta\activation\jakarta.activation-api\2.1.2\jakarta.activation-api-2.1.2.jar;C:\Users\pakho\.m2\repository\org\springframework\spring-core\6.1.3\spring-core-6.1.3.jar;C:\Users\pakho\.m2\repository\org\springframework\spring-jcl\6.1.3\spring-jcl-6.1.3.jar
Launcher Type: SUN_STANDARD

[Global flags]
     intx CICompilerCount                          = 12                                        {product} {ergonomic}
     uint ConcGCThreads                            = 4                                         {product} {ergonomic}
     uint G1ConcRefinementThreads                  = 15                                        {product} {ergonomic}
   size_t G1HeapRegionSize                         = 2097152                                   {product} {ergonomic}
    uintx GCDrainStackTargetSize                   = 64                                        {product} {ergonomic}
   size_t InitialHeapSize                          = 264241152                                 {product} {ergonomic}
   size_t MarkStackSize                            = 4194304                                   {product} {ergonomic}
   size_t MaxHeapSize                              = 4223664128                                {product} {ergonomic}
   size_t MaxNewSize                               = 2533359616                                {product} {ergonomic}
   size_t MinHeapDeltaBytes                        = 2097152                                   {product} {ergonomic}
   size_t MinHeapSize                              = 8388608                                   {product} {ergonomic}
    uintx NonNMethodCodeHeapSize                   = 7602480                                {pd product} {ergonomic}
    uintx NonProfiledCodeHeapSize                  = 122027880                              {pd product} {ergonomic}
    uintx ProfiledCodeHeapSize                     = 122027880                              {pd product} {ergonomic}
    uintx ReservedCodeCacheSize                    = 251658240                              {pd product} {ergonomic}
     bool SegmentedCodeCache                       = true                                      {product} {ergonomic}
   size_t SoftMaxHeapSize                          = 4223664128                             {manageable} {ergonomic}
     bool UseCompressedClassPointers               = true                           {product lp64_product} {ergonomic}
     bool UseCompressedOops                        = true                           {product lp64_product} {ergonomic}
     bool UseG1GC                                  = true                                      {product} {ergonomic}
     bool UseLargePagesIndividualAllocation        = false                                  {pd product} {ergonomic}

Logging:
Log output configuration:
 #0: stdout all=warning uptime,level,tags foldmultilines=false
 #1: stderr all=off uptime,level,tags foldmultilines=false

Environment Variables:
JAVA_HOME=C:\Program Files\Java\jdk-20
PATH=C:\Python312\Scripts\;C:\Python312\;C:\Program Files\Eclipse Adoptium\jdk-21.0.2.13-hotspot\bin;C:\Program Files\Common Files\Oracle\Java\javapath;C:\Windows\System32\HWAudioDriverLibs;C:\Windows\system32;C:\Windows;C:\Windows\System32\Wbem;C:\Windows\System32\WindowsPowerShell\v1.0\;C:\Windows\System32\OpenSSH\;C:\Users\Administrator\AppData\Local\Microsoft\WindowsApps;C:\Program Files\Microsoft VS Code\bin;C:\Program Files\dotnet\;C:\Program Files\Microsoft SQL Server\150\Tools\Binn\;C:\Program Files\Microsoft SQL Server\Client SDK\ODBC\170\Tools\Binn\;C:\Program Files\Redis\;C:\WINDOWS\system32;C:\WINDOWS;C:\WINDOWS\System32\Wbem;C:\WINDOWS\System32\WindowsPowerShell\v1.0\;C:\WINDOWS\System32\OpenSSH\;C:\Program Files\Java\jdk-20\bin;C:\gradle-8.2-all\gradle-8.2\bin;C:\Maven\apache-maven-3.9.6\bin;C:\Program Files\Git\cmd;%NVM_HOME%;%NVM_SYMLINK%;C:\Program Files\PowerShell\7\;C:\Program Files\Docker\Docker\resources\bin;C:\Program Files\nodejs\;C:\ProgramData\chocolatey\bi;C:\Program Files\MySQL\MySQL Shell 8.0\bin\;C:\Users\pakho\AppData\Local\Microsoft\WindowsApps;C:\Users\pakho\.dotnet\tools;C:\Users\pakho\AppData\Roaming\nvm;C:\Program Files\nodejs;C:\Users\pakho\AppData\Roaming\npm
USERNAME=pakho
OS=Windows_NT
PROCESSOR_IDENTIFIER=Intel64 Family 6 Model 154 Stepping 3, GenuineIntel
TMP=C:\Users\pakho\AppData\Local\Temp
TEMP=C:\Users\pakho\AppData\Local\Temp




---------------  S Y S T E M  ---------------

OS:
 Windows 11 , 64 bit Build 22621 (10.0.22621.3085)
OS uptime: 0 days 21:15 hours
Hyper-V role detected

CPU: total 20 (initial active 20) (10 cores per cpu, 2 threads per core) family 6 model 154 stepping 3 microcode 0x41e, cx8, cmov, fxsr, ht, mmx, 3dnowpref, sse, sse2, sse3, ssse3, sse4.1, sse4.2, popcnt, lzcnt, tsc, tscinvbit, avx, avx2, aes, erms, clmul, bmi1, bmi2, adx, sha, fma, vzeroupper, clflush, clflushopt, clwb, hv, serialize, rdtscp, rdpid, fsrm, f16c, cet_ibt, cet_ss

Memory: 4k page, system-wide physical 16110M (1426M free)
TotalPageFile size 36779M (AvailPageFile size 5M)
current process WorkingSet (physical memory assigned to process): 123M, peak: 123M
current process commit charge ("private bytes"): 398M, peak: 398M

vm_info: Java HotSpot(TM) 64-Bit Server VM (20.0.1+9-29) for windows-amd64 JRE (20.0.1+9-29), built on 2023-03-07T13:56:11Z by "mach5one" with MS VC++ 17.1 (VS2022)

END.
